<?xml version="1.0" encoding="UTF-8"?>
<!-- Generated by org.testng.reporters.JUnitXMLReporter -->
<testsuite ignored="0" hostname="LAPTOP-GJ537S6H" failures="0" tests="10" name="Default test" time="3.128" errors="0" timestamp="2026-07-27T23:20:14 IST">
  <testcase classname="com.RestAssure.demo.Task111" name="testMultiplePostsBDD" time="1.549"/>
  <testcase classname="com.RestAssure.demo.Task111" name="testMultiplePostsBDD" time="0.092"/>
  <testcase classname="com.RestAssure.demo.Task111" name="testMultiplePostsBDD" time="0.078"/>
  <testcase classname="com.RestAssure.demo.Task111" name="testMultiplePostsBDD" time="0.706"/>
  <testcase classname="com.RestAssure.demo.Task111" name="testMultiplePostsBDD" time="0.061"/>
  <testcase classname="com.RestAssure.demo.Task111" name="testMultiplePostsTraditional" time="0.08"/>
  <testcase classname="com.RestAssure.demo.Task111" name="testMultiplePostsTraditional" time="0.04"/>
  <testcase classname="com.RestAssure.demo.Task111" name="testMultiplePostsTraditional" time="0.06"/>
  <testcase classname="com.RestAssure.demo.Task111" name="testMultiplePostsTraditional" time="0.038"/>
  <testcase classname="com.RestAssure.demo.Task111" name="testMultiplePostsTraditional" time="0.039"/>
</testsuite> <!-- Default test -->
