<?xml version="1.0" encoding="UTF-8"?>
<testng-results ignored="0" total="10" passed="10" failed="0" skipped="0">
  <reporter-output>
  </reporter-output>
  <suite started-at="2026-07-27T23:20:11 IST" name="Default suite" finished-at="2026-07-27T23:20:14 IST" duration-ms="3128">
    <groups>
    </groups>
    <test started-at="2026-07-27T23:20:11 IST" name="Default test" finished-at="2026-07-27T23:20:14 IST" duration-ms="3128">
      <class name="com.RestAssure.demo.Task111">
        <test-method is-config="true" signature="setup()[pri:0, instance:com.RestAssure.demo.Task111@10683d9d]" started-at="2026-07-27T23:20:11 IST" name="setup" finished-at="2026-07-27T23:20:11 IST" duration-ms="350" status="PASS">
          <reporter-output>
          </reporter-output>
        </test-method> <!-- setup -->
        <test-method signature="testMultiplePostsBDD(int,int)[pri:0, instance:com.RestAssure.demo.Task111@10683d9d]" started-at="2026-07-27T23:20:11 IST" name="testMultiplePostsBDD" data-provider="postIds" finished-at="2026-07-27T23:20:13 IST" duration-ms="1549" status="PASS">
          <params>
            <param index="0">
              <value>
                <![CDATA[1]]>
              </value>
            </param>
            <param index="1">
              <value>
                <![CDATA[1]]>
              </value>
            </param>
          </params>
          <reporter-output>
          </reporter-output>
        </test-method> <!-- testMultiplePostsBDD -->
        <test-method signature="testMultiplePostsBDD(int,int)[pri:0, instance:com.RestAssure.demo.Task111@10683d9d]" started-at="2026-07-27T23:20:13 IST" name="testMultiplePostsBDD" data-provider="postIds" finished-at="2026-07-27T23:20:13 IST" duration-ms="92" status="PASS">
          <params>
            <param index="0">
              <value>
                <![CDATA[2]]>
              </value>
            </param>
            <param index="1">
              <value>
                <![CDATA[1]]>
              </value>
            </param>
          </params>
          <reporter-output>
          </reporter-output>
        </test-method> <!-- testMultiplePostsBDD -->
        <test-method signature="testMultiplePostsBDD(int,int)[pri:0, instance:com.RestAssure.demo.Task111@10683d9d]" started-at="2026-07-27T23:20:13 IST" name="testMultiplePostsBDD" data-provider="postIds" finished-at="2026-07-27T23:20:13 IST" duration-ms="78" status="PASS">
          <params>
            <param index="0">
              <value>
                <![CDATA[3]]>
              </value>
            </param>
            <param index="1">
              <value>
                <![CDATA[1]]>
              </value>
            </param>
          </params>
          <reporter-output>
          </reporter-output>
        </test-method> <!-- testMultiplePostsBDD -->
        <test-method signature="testMultiplePostsBDD(int,int)[pri:0, instance:com.RestAssure.demo.Task111@10683d9d]" started-at="2026-07-27T23:20:13 IST" name="testMultiplePostsBDD" data-provider="postIds" finished-at="2026-07-27T23:20:14 IST" duration-ms="706" status="PASS">
          <params>
            <param index="0">
              <value>
                <![CDATA[4]]>
              </value>
            </param>
            <param index="1">
              <value>
                <![CDATA[1]]>
              </value>
            </param>
          </params>
          <reporter-output>
          </reporter-output>
        </test-method> <!-- testMultiplePostsBDD -->
        <test-method signature="testMultiplePostsBDD(int,int)[pri:0, instance:com.RestAssure.demo.Task111@10683d9d]" started-at="2026-07-27T23:20:14 IST" name="testMultiplePostsBDD" data-provider="postIds" finished-at="2026-07-27T23:20:14 IST" duration-ms="61" status="PASS">
          <params>
            <param index="0">
              <value>
                <![CDATA[5]]>
              </value>
            </param>
            <param index="1">
              <value>
                <![CDATA[1]]>
              </value>
            </param>
          </params>
          <reporter-output>
          </reporter-output>
        </test-method> <!-- testMultiplePostsBDD -->
        <test-method signature="testMultiplePostsTraditional(int,int)[pri:0, instance:com.RestAssure.demo.Task111@10683d9d]" started-at="2026-07-27T23:20:14 IST" name="testMultiplePostsTraditional" data-provider="postIds" finished-at="2026-07-27T23:20:14 IST" duration-ms="80" status="PASS">
          <params>
            <param index="0">
              <value>
                <![CDATA[1]]>
              </value>
            </param>
            <param index="1">
              <value>
                <![CDATA[1]]>
              </value>
            </param>
          </params>
          <reporter-output>
          </reporter-output>
        </test-method> <!-- testMultiplePostsTraditional -->
        <test-method signature="testMultiplePostsTraditional(int,int)[pri:0, instance:com.RestAssure.demo.Task111@10683d9d]" started-at="2026-07-27T23:20:14 IST" name="testMultiplePostsTraditional" data-provider="postIds" finished-at="2026-07-27T23:20:14 IST" duration-ms="40" status="PASS">
          <params>
            <param index="0">
              <value>
                <![CDATA[2]]>
              </value>
            </param>
            <param index="1">
              <value>
                <![CDATA[1]]>
              </value>
            </param>
          </params>
          <reporter-output>
          </reporter-output>
        </test-method> <!-- testMultiplePostsTraditional -->
        <test-method signature="testMultiplePostsTraditional(int,int)[pri:0, instance:com.RestAssure.demo.Task111@10683d9d]" started-at="2026-07-27T23:20:14 IST" name="testMultiplePostsTraditional" data-provider="postIds" finished-at="2026-07-27T23:20:14 IST" duration-ms="60" status="PASS">
          <params>
            <param index="0">
              <value>
                <![CDATA[3]]>
              </value>
            </param>
            <param index="1">
              <value>
                <![CDATA[1]]>
              </value>
            </param>
          </params>
          <reporter-output>
          </reporter-output>
        </test-method> <!-- testMultiplePostsTraditional -->
        <test-method signature="testMultiplePostsTraditional(int,int)[pri:0, instance:com.RestAssure.demo.Task111@10683d9d]" started-at="2026-07-27T23:20:14 IST" name="testMultiplePostsTraditional" data-provider="postIds" finished-at="2026-07-27T23:20:14 IST" duration-ms="38" status="PASS">
          <params>
            <param index="0">
              <value>
                <![CDATA[4]]>
              </value>
            </param>
            <param index="1">
              <value>
                <![CDATA[1]]>
              </value>
            </param>
          </params>
          <reporter-output>
          </reporter-output>
        </test-method> <!-- testMultiplePostsTraditional -->
        <test-method signature="testMultiplePostsTraditional(int,int)[pri:0, instance:com.RestAssure.demo.Task111@10683d9d]" started-at="2026-07-27T23:20:14 IST" name="testMultiplePostsTraditional" data-provider="postIds" finished-at="2026-07-27T23:20:14 IST" duration-ms="39" status="PASS">
          <params>
            <param index="0">
              <value>
                <![CDATA[5]]>
              </value>
            </param>
            <param index="1">
              <value>
                <![CDATA[1]]>
              </value>
            </param>
          </params>
          <reporter-output>
          </reporter-output>
        </test-method> <!-- testMultiplePostsTraditional -->
      </class> <!-- com.RestAssure.demo.Task111 -->
    </test> <!-- Default test -->
  </suite> <!-- Default suite -->
</testng-results>
