<?xml version="1.0" encoding="UTF-8"?>
<!-- Generated by org.testng.reporters.JUnitReportReporter -->
<testsuite hostname="LAPTOP-GJ537S6H" failures="0" tests="3" name="com.Task60.WebBrowserTest_LocatorId" time="12.501" errors="0" timestamp="2026-07-21T10:51:27 IST" skipped="0">
  <testcase classname="com.Task60.WebBrowserTest_LocatorId" name="firefoxBrowserCommands" time="5.628"/>
  <testcase classname="com.Task60.WebBrowserTest_LocatorId" name="edgeBrowserCommands" time="3.700"/>
  <testcase classname="com.Task60.WebBrowserTest_LocatorId" name="chromeBrowserCommands" time="3.173"/>
</testsuite> <!-- com.Task60.WebBrowserTest_LocatorId -->
