<?xml version="1.0" encoding="UTF-8"?>
<!-- Generated by org.testng.reporters.JUnitReportReporter -->
<testsuite hostname="LAPTOP-GJ537S6H" failures="0" tests="3" name="Task70Assure.SetSizeAndPositionOfWindow" time="10.041" errors="0" timestamp="2026-07-21T10:51:27 IST" skipped="0">
  <testcase classname="Task70Assure.SetSizeAndPositionOfWindow" name="EdgeBrowserCommands" time="3.327"/>
  <testcase classname="Task70Assure.SetSizeAndPositionOfWindow" name="FirefoxBrowserCommands" time="4.333"/>
  <testcase classname="Task70Assure.SetSizeAndPositionOfWindow" name="chromeBrowserCommands" time="2.381"/>
</testsuite> <!-- Task70Assure.SetSizeAndPositionOfWindow -->
