<?xml version="1.0" encoding="UTF-8"?>
<!-- Generated by org.testng.reporters.JUnitReportReporter -->
<testsuite hostname="LAPTOP-GJ537S6H" failures="0" tests="3" name="com.Task60.CaseStudy4" time="10.931" errors="0" timestamp="2026-07-21T10:51:27 IST" skipped="0">
  <testcase classname="com.Task60.CaseStudy4" name="chromeBrowserCommands" time="2.567"/>
  <testcase classname="com.Task60.CaseStudy4" name="edgeBrowserCommands" time="3.035"/>
  <testcase classname="com.Task60.CaseStudy4" name="firefoxBrowserCommands" time="5.329"/>
</testsuite> <!-- com.Task60.CaseStudy4 -->
