<?xml version="1.0" encoding="UTF-8"?>
<!-- Generated by org.testng.reporters.JUnitReportReporter -->
<testsuite hostname="LAPTOP-GJ537S6H" failures="0" tests="3" name="WebdriverrComment.CheckExpectedValue" time="10.907" errors="0" timestamp="2026-07-21T10:51:27 IST" skipped="0">
  <testcase classname="WebdriverrComment.CheckExpectedValue" name="FirefoxBrowserTest" time="6.128"/>
  <testcase classname="WebdriverrComment.CheckExpectedValue" name="ChromeBrowserTest" time="2.217"/>
  <testcase classname="WebdriverrComment.CheckExpectedValue" name="EdgeBrowserTest" time="2.562"/>
</testsuite> <!-- WebdriverrComment.CheckExpectedValue -->
