<?xml version="1.0" encoding="UTF-8"?>
<!-- Generated by org.testng.reporters.JUnitReportReporter -->
<testsuite hostname="LAPTOP-GJ537S6H" failures="0" tests="3" name="com.RestAssure.demo.Task108" time="6.275" errors="0" timestamp="2026-07-27T12:15:18 IST" skipped="0">
  <testcase classname="com.RestAssure.demo.Task108" name="testTraditionalApproach" time="2.860"/>
  <testcase classname="com.RestAssure.demo.Task108" name="testBDDApproach" time="2.117"/>
  <testcase classname="com.RestAssure.demo.Task108" name="testBDDApproachWithExtraction" time="1.298"/>
</testsuite> <!-- com.RestAssure.demo.Task108 -->
