<?xml version="1.0" encoding="UTF-8"?>
<!-- Generated by org.testng.reporters.JUnitReportReporter -->
<testsuite hostname="LAPTOP-GJ537S6H" failures="0" tests="10" name="com.RestAssure.demo.Task111" time="2.743" errors="0" timestamp="2026-07-27T23:20:14 IST" skipped="0">
  <testcase classname="com.RestAssure.demo.Task111" name="testMultiplePostsTraditional" time="0.040"/>
  <testcase classname="com.RestAssure.demo.Task111" name="testMultiplePostsBDD" time="0.078"/>
  <testcase classname="com.RestAssure.demo.Task111" name="testMultiplePostsBDD" time="0.706"/>
  <testcase classname="com.RestAssure.demo.Task111" name="testMultiplePostsTraditional" time="0.039"/>
  <testcase classname="com.RestAssure.demo.Task111" name="testMultiplePostsTraditional" time="0.060"/>
  <testcase classname="com.RestAssure.demo.Task111" name="testMultiplePostsBDD" time="0.092"/>
  <testcase classname="com.RestAssure.demo.Task111" name="testMultiplePostsBDD" time="0.061"/>
  <testcase classname="com.RestAssure.demo.Task111" name="testMultiplePostsTraditional" time="0.080"/>
  <testcase classname="com.RestAssure.demo.Task111" name="testMultiplePostsTraditional" time="0.038"/>
  <testcase classname="com.RestAssure.demo.Task111" name="testMultiplePostsBDD" time="1.549"/>
</testsuite> <!-- com.RestAssure.demo.Task111 -->
