<?xml version="1.0" encoding="UTF-8"?>
<testsuite xmlns:xsi="http://www.w3.org/2001/XMLSchema-instance" xsi:noNamespaceSchemaLocation="https://maven.apache.org/surefire/maven-surefire-plugin/xsd/surefire-test-report.xsd" version="3.0.2" name="com.jenkinsCICDDemoTest.jenkinsCICDTest" time="35.37" tests="3" errors="0" skipped="0" failures="0">
  <properties>
[...]
</properties>
  <testcase name="chromeBrowserCommands" classname="com.jenkinsCICDDemoTest.jenkinsCICDTest" time="10.373">
    <system-out><![CDATA[Page Title : Bangalore Calculators and Converters on Easycalculation.com
<html lang="en"><head profile="http://www.w3.org/2005/10/profile">
<link rel="shortcut icon" href="//www.easycalculation.com/favicon.ico" type="image/x-icon">
<meta http-equiv="Content-Type" content="text/html; charset=UTF-8">
  <title>Bangalore Calculators and Converters on Easycalculation.com</title>
	<meta name="verify-v1" content="vonLJqy8vE8R7BwQudAXzPDvR9P+sWyRgXbGhp+kewY=">
	<meta name="DESCRIPTION" content="Bangalore calculators and converters search results on easycalculation.com">
	<meta name="viewport" content="width=device-width; initial-scale=1.0">
	<!-- main css -->
	<link href="//www.easycalculation.com/css/style.css?v6.8" rel="stylesheet" type="text/css">
	
	<!-- html5.js for IE less than 9 -->
	<!--[if lt IE 9]>
		<script src="//www.easycalculation.com/js/html5.js"></script>
	<![endif]-->
	
	<!-- css3-mediaqueries.js for IE less than 9 -->
	<!--[if lt IE 9]>
		<script src="//www.easycalculation.com/js/css3-mediaqueries.js"></script>
	<![endif]-->
				<script src="https://pagead2.googlesyndication.com/pagead/managed/js/adsense/m202607170101/reactive_library_fy2021.js?bust=31099810"></script><script src="https://pagead2.googlesyndication.com/pagead/managed/js/adsense/m202607170101/show_ads_impl_fy2021.js?bust=31099810"></script><script src="//www.easycalculation.com/js/jquery.min.js"></script>
			    <script async="" src="//pagead2.googlesyndication.com/pagead/js/adsbygoogle.js"></script>
	    <script>
	      (adsbygoogle = window.adsbygoogle || []).push({
		google_ad_client: "ca-pub-5279176980875369",
		enable_page_level_ads: true
	      });
	    </script>
<meta http-equiv="origin-trial" content="AlK2UR5SkAlj8jjdEc9p3F3xuFYlF6LYjAML3EOqw1g26eCwWPjdmecULvBH5MVPoqKYrOfPhYVL71xAXI1IBQoAAAB8eyJvcmlnaW4iOiJodHRwczovL2RvdWJsZWNsaWNrLm5ldDo0NDMiLCJmZWF0dXJlIjoiV2ViVmlld1hSZXF1ZXN0ZWRXaXRoRGVwcmVjYXRpb24iLCJleHBpcnkiOjE3NTgwNjcxOTksImlzU3ViZG9tYWluIjp0cnVlfQ=="><meta http-equiv="origin-trial" content="Amm8/NmvvQfhwCib6I7ZsmUxiSCfOxWxHayJwyU1r3gRIItzr7bNQid6O8ZYaE1GSQTa69WwhPC9flq/oYkRBwsAAACCeyJvcmlnaW4iOiJodHRwczovL2dvb2dsZXN5bmRpY2F0aW9uLmNvbTo0NDMiLCJmZWF0dXJlIjoiV2ViVmlld1hSZXF1ZXN0ZWRXaXRoRGVwcmVjYXRpb24iLCJleHBpcnkiOjE3NTgwNjcxOTksImlzU3ViZG9tYWluIjp0cnVlfQ=="><meta http-equiv="origin-trial" content="A9nrunKdU5m96PSN1XsSGr3qOP0lvPFUB2AiAylCDlN5DTl17uDFkpQuHj1AFtgWLxpLaiBZuhrtb2WOu7ofHwEAAACKeyJvcmlnaW4iOiJodHRwczovL2RvdWJsZWNsaWNrLm5ldDo0NDMiLCJmZWF0dXJlIjoiQUlQcm9tcHRBUElNdWx0aW1vZGFsSW5wdXQiLCJleHBpcnkiOjE3NzQzMTA0MDAsImlzU3ViZG9tYWluIjp0cnVlLCJpc1RoaXJkUGFydHkiOnRydWV9"><meta http-equiv="origin-trial" content="A93bovR+QVXNx2/38qDbmeYYf1wdte9EO37K9eMq3r+541qo0byhYU899BhPB7Cv9QqD7wIbR1B6OAc9kEfYCA4AAACQeyJvcmlnaW4iOiJodHRwczovL2dvb2dsZXN5bmRpY2F0aW9uLmNvbTo0NDMiLCJmZWF0dXJlIjoiQUlQcm9tcHRBUElNdWx0aW1vZGFsSW5wdXQiLCJleHBpcnkiOjE3NzQzMTA0MDAsImlzU3ViZG9tYWluIjp0cnVlLCJpc1RoaXJkUGFydHkiOnRydWV9"><meta http-equiv="origin-trial" content="A1S5fojrAunSDrFbD8OfGmFHdRFZymSM/1ss3G+NEttCLfHkXvlcF6LGLH8Mo5PakLO1sCASXU1/gQf6XGuTBgwAAACQeyJvcmlnaW4iOiJodHRwczovL2dvb2dsZXRhZ3NlcnZpY2VzLmNvbTo0NDMiLCJmZWF0dXJlIjoiQUlQcm9tcHRBUElNdWx0aW1vZGFsSW5wdXQiLCJleHBpcnkiOjE3NzQzMTA0MDAsImlzU3ViZG9tYWluIjp0cnVlLCJpc1RoaXJkUGFydHkiOnRydWV9"><script async="" src="https://fundingchoicesmessages.google.com/i/ca-pub-5279176980875369?href=https%3A%2F%2Fwww.easycalculation.com%2Fsearch.php&amp;ers=2"></script><script async="" src="https://fundingchoicesmessages.google.com/f/AGSKWxWcYGIoqEd3UWgH-iOuPoWzoglOWrSC3v-J3mE1Eg-nwT3l-K0kd-haeR5yn-9-1-NypMMN2RdKTXY5wuDeV1w54w0pByoky-dhxOvdfgCjEg61fX3xOZ4sFmA-nRqIAk8jVrVWew==?fccs=W1siQUtzUm9sOGRtTURvZlBLSlNKdnlpU3M2R0ZZMjNiYkZTbDZCU0plQTVleGs0dVRlS0ViZVBCeXYtNTRhYXBjODdSYW9fLUJaVnpNajZGREVvelJUVUthSThxLTE0RGxiNXNOSHB4bjZXRDFVeDQtUzhpcUgySWZiQktScVdLZE0tRjhLdEZ6YkNxc3hOUkptc1pnOVFKYTcyNjBDcVRTWjNnPT0iXSxudWxsLG51bGwsbnVsbCxudWxsLG51bGwsWzE3ODQ2MTA3MDUsNjA4MDAwMDAwXSxudWxsLG51bGwsbnVsbCxbbnVsbCxbN11dLCJodHRwczovL3d3dy5lYXN5Y2FsY3VsYXRpb24uY29tL3NlYXJjaC5waHAiLG51bGwsW1s4LCIxNXBHamNpektmUSJdLFs5LCJlbi1VUyJdLFsxOCwiW1tbbnVsbCwyMzM4XV1dIl0sWzIzLCIxNzg0NjEwNzAwIl0sWzM1LCIxNzg0NjEwNzAyIl0sWzE5LCIyIl0sWzE3LCJbMF0iXSxbMjQsInd3dy5lYXN5Y2FsY3VsYXRpb24uY29tIl0sWzI5LCJmYWxzZSJdXV0"></script><script async="" src="https://fundingchoicesmessages.google.com/f/AGSKWxXmxqDHbXgLFHEE3x-4UTaEntY2Op1alMWHCRVoiaMyeZtxAh1T3yhJG__Fjs0PoiZUn9BEP19jbMDzjLK_1taITTLZVGKA600Jt_NhHsDfdqV1yrj0v40OJGRR40iwEl8k5zEbtQ==?fccs=W1siQUtzUm9sOGRtTURvZlBLSlNKdnlpU3M2R0ZZMjNiYkZTbDZCU0plQTVleGs0dVRlS0ViZVBCeXYtNTRhYXBjODdSYW9fLUJaVnpNajZGREVvelJUVUthSThxLTE0RGxiNXNOSHB4bjZXRDFVeDQtUzhpcUgySWZiQktScVdLZE0tRjhLdEZ6YkNxc3hOUkptc1pnOVFKYTcyNjBDcVRTWjNnPT0iXSxudWxsLG51bGwsbnVsbCxudWxsLG51bGwsWzE3ODQ2MTA3MDUsODA2MDAwMDAwXSxudWxsLG51bGwsbnVsbCxbbnVsbCxbNyw5XSxudWxsLDIsbnVsbCwiZW4iXSwiaHR0cHM6Ly93d3cuZWFzeWNhbGN1bGF0aW9uLmNvbS9zZWFyY2gucGhwIixudWxsLFtbOCwiMTVwR2pjaXpLZlEiXSxbOSwiZW4tVVMiXSxbMTgsIltbW251bGwsMjMzOF1dXSJdLFsyMywiMTc4NDYxMDcwMCJdLFszNSwiMTc4NDYxMDcwMiJdLFsxOSwiMiJdLFsxNywiWzBdIl0sWzI0LCJ3d3cuZWFzeWNhbGN1bGF0aW9uLmNvbSJdLFsyOSwiZmFsc2UiXV1d"></script><script async="" src="https://fundingchoicesmessages.google.com/f/AGSKWxX0DiJboCJFo0FQn-oyNURu_uCygOkHwU2M-AgXLNna-P3YnOKRZVe5WYNOLjsMRB_q0t7hgz4y_4LgfFC6QNGkYjwPZaOy1dSOAwsz1JqwMW66TpN31yZxIbi3jAB9HBTUBjclww==?fccs=W1siQUtzUm9sOGRtTURvZlBLSlNKdnlpU3M2R0ZZMjNiYkZTbDZCU0plQTVleGs0dVRlS0ViZVBCeXYtNTRhYXBjODdSYW9fLUJaVnpNajZGREVvelJUVUthSThxLTE0RGxiNXNOSHB4bjZXRDFVeDQtUzhpcUgySWZiQktScVdLZE0tRjhLdEZ6YkNxc3hOUkptc1pnOVFKYTcyNjBDcVRTWjNnPT0iXSxudWxsLG51bGwsbnVsbCxudWxsLG51bGwsWzE3ODQ2MTA3MDYsOTgxMDAwMDAwXSxudWxsLG51bGwsbnVsbCxbbnVsbCxbNyw5LDZdLG51bGwsMixudWxsLCJlbiIsbnVsbCxudWxsLG51bGwsbnVsbCxudWxsLDFdLCJodHRwczovL3d3dy5lYXN5Y2FsY3VsYXRpb24uY29tL3NlYXJjaC5waHAiLG51bGwsW1s4LCIxNXBHamNpektmUSJdLFs5LCJlbi1VUyJdLFsxOCwiW1tbbnVsbCwyMzM4XV1dIl0sWzIzLCIxNzg0NjEwNzAwIl0sWzM1LCIxNzg0NjEwNzAyIl0sWzE5LCIyIl0sWzE3LCJbMF0iXSxbMjQsInd3dy5lYXN5Y2FsY3VsYXRpb24uY29tIl0sWzI5LCJmYWxzZSJdXV0"></script><script src="//www.easycalculation.com/commoncode/footer/chf_script.js?v6.8"></script></head> 
<body aria-hidden="false" style="padding: 0px 0px 120px;">
<!-- header_part begins -->
<div class="header_part">

<!-- header begins -->
	<header>
	
		<!-- header begins -->
		<div class="header clearfix" id="wrap">
		  
			<div class="logo">
						      <a href="//www.easycalculation.com/">
							<img src="//www.easycalculation.com/images/logo.png" alt="easycalculation.com"> 
			</a>
			<div class="search">
  <form action="https://www.easycalculation.com/search.php" id="cse-search-box">
      <input type="hidden" name="cx" value="partner-pub-5279176980875369:8996050927">
      <input type="hidden" name="cof" value="FORID:10">
      <input type="hidden" name="ie" value="UTF-8">
      <span><input type="text" id="googleSearchId" name="q" class="search_txt" placeholder="Google Custom Search"></span>
      <span><button class="search_button"></button></span>  </form>
</div>
		</div>
		<div class="right_head_nav">
			<div class="right_head_con hiox_language">
			<span class="icon-earth3"></span><span class="right_text">
			<span class="lang">English</span>			<!--span class="lang">Languages</span-->
			<div class="hiox_language_list clearfix">
			<ul>
			<li> <a href="https://www.easycalculation.com/es/index.php"> <span> <img src="//www.easycalculation.com/images/trans.png" width="16" height="16" class="sprite_img sprite-Spain"></span><span>Español</span> </a> </li><li> <a href="https://www.easycalculation.com/fr/index.php"> <span> <img src="//www.easycalculation.com/images/trans.png" width="16" height="16" class="sprite_img sprite-France"></span><span>Français</span> </a> </li><li> <a href="https://www.easycalculation.com/de/index.php"> <span> <img src="//www.easycalculation.com/images/trans.png" width="16" height="16" class="sprite_img sprite-Germany"></span><span>Deutschland</span> </a> </li><li> <a href="https://www.easycalculation.com/zh/index.php"> <span> <img src="//www.easycalculation.com/images/trans.png" width="16" height="16" class="sprite_img sprite-China"></span><span>中国</span> </a> </li><li> <a href="https://www.easycalculation.com/pt/index.php"> <span> <img src="//www.easycalculation.com/images/trans.png" width="16" height="16" class="sprite_img sprite-Portugal"></span><span>Português</span> </a> </li><li> <a href="https://www.easycalculation.com/ru/index.php"> <span> <img src="//www.easycalculation.com/images/trans.png" width="16" height="16" class="sprite_img sprite-Russia"></span><span>Pусский</span> </a> </li><li> <a href="https://www.easycalculation.com/ja/index.php"> <span> <img src="//www.easycalculation.com/images/trans.png" width="16" height="16" class="sprite_img sprite-Japan"></span><span>日本語</span> </a> </li><li> <a href="https://www.easycalculation.com/tr/index.php"> <span> <img src="//www.easycalculation.com/images/trans.png" width="16" height="16" class="sprite_img sprite-Turkey"></span><span>Türk</span> </a> </li>			</ul>
			</div>
			</span>
			
			
			</div>
			<div class="right_head_con">
			<span class="icon-lock39"></span><span class="right_text txtshdow"><a href="https://www.login.hiox.com/login?referrer=easycalculation.com"><span>Sign in</span></a></span>			</div>
			</div>
		</div>
		<!-- header ends -->	
	</header>
	<!-- header ends -->
<!-- navigation_part starts -->
<div class="main_nav">
    
    <!-- nav begins -->
	<nav>
	<div class="nav clearfix" tabindex="0">
		<ul>
		<li> <a href="//www.easycalculation.com/index.php" target="_parent">Calculators</a> </li><li> <a href="//www.easycalculation.com/unit-conversion/index.php"> Converters </a> </li><li> <a href="//www.easycalculation.com/formulas/index.php" target="_parent"> Formulas </a> </li><li> <a href="//www.easycalculation.com/currency-converter/index.php"> Currencies </a> </li><li> <a href="//www.easycalculation.com/charts-and-tables.php" target="_parent"> Charts </a> </li><li> <a href="//www.easycalculation.com/examples.php" target="_parent"> Examples </a> </li><li> <a href="//www.easycalculation.com/tutorial.php" target="_parent"> Tutorials </a> </li>
			<li> <a href="//www.easycalculation.com/faq/index.php" target="_parent"> Answers </a> </li>
			<li> <a href="#"> Others </a>
			<ul>
				<li>
					<ul>
						<li> <a href="//www.easycalculation.com/math-facts/index.php" target="_parent"> Facts </a> </li>
						<li> <a href="//www.easycalculation.com/code/index.php" target="_parent"> Code </a> </li>
						<li> <a href="//www.easycalculation.com/maths-dictionary/index.php" target="_parent"> Dictionary </a> </li>
						<li> <a href="//www.easycalculation.com/calculator-download.php" target="_parent"> Download </a> </li>
						<li> <a href="//www.easycalculation.com/constant/constants.php" target="_parent"> Constants </a> </li>
						<li> <a href="//www.easycalculation.com/excel-calculators-download.php" target="_parent"> Excel </a> </li>
						<!--li> <a href="//www.easycalculation.com/event/event-calendar.php" target="_parent"> Calendars </a> </li-->
						<li> <a href="//www.easycalculation.com/theorems/geometry-theorems.php" target="_parent"> Theorems </a> </li>
					</ul>
				</li>
			</ul>
			</li>		</ul>
	</div>
	</nav> 
</div>
<!-- navigation_part ends -->
</div>
<!-- header_part Ends -->

<!-- START DIV FOR ALARM -->
<div id="alarmPop" style="display:none;">  </div>
<!-- END DIV FOR ALARM -->
<!-- content begins -->

<div class="content clearfix" id="alarmContentDisplay">

  <!-- content_left begins -->
  <div class="content_left clearfix">

  <p> Search Results | <b>Bangalore</b> calculators and converters on easycalculation.com.</p>
	<!-- Google Search Result Snippet Begins -->
	<div id="cse-search-results"><iframe name="googleSearchFrame" width="795" height="1860" frameborder="0" marginwidth="0" marginheight="0" scrolling="no" sandbox="allow-scripts allow-same-origin allow-popups allow-popups-to-escape-sandbox allow-top-navigation" srcdoc="&lt;body&gt;&lt;script src=&quot;https://cse.google.com/cse.js?cx=partner-pub-5279176980875369%3A8996050927&quot;&gt;&lt;/script&gt;&lt;div class=&quot;gcse-searchresults-only&quot; id=&quot;inner-sbox&quot; data-adTest=&quot;&quot; data-enableHistory=&quot;false&quot; data-enableAutoComplete=&quot;false&quot; data-gname=&quot;iSbox&quot; data-personalizedAds=&quot;false&quot; data-query=&quot;Bangalore&quot; data-webSearchResultSetSize=&quot;10&quot;&gt;&lt;/div&gt;&lt;script defer&gt;var iFrame = window.frameElement;
          if (iFrame != null) {
            var div = document.getElementById('inner-sbox');
            var query = div.getAttribute('data-query');
            function doQuery() {
              var doSearch = setInterval(function() {
                  if ('google' in window) {
                    var element = window.google.search.cse.element.getElement('iSbox');
                    element.execute(query);
                    clearInterval(doSearch);
                  } else {
                    console.log('google not found yet');
                  }
                }, 10);
            }
            if (query) doQuery();

            // Add JavaScript to scroll the window to the top when a navigation
            // link or any link which reloads the iframe is clicked.
            if (iFrame.attachEvent) {
              iFrame.attachEvent('onload', function(ev) {
                window.scrollTo(0, 0);
              });
            } else {
              iFrame.addEventListener('load', function() {
                  window.scrollTo(0, 0);
                }, false);
            }

            // Resize iframe
            setInterval(function() {
              if (document.location.hash &amp;&amp; document.location.hash != '#') {
                const height = document.location.hash.substring(1) + 'px';
                if (iFrame.height !== height &amp;&amp; height != '0px') {
                  iFrame.height = height;
                }
              }
            }, 10);
          }&lt;/script&gt;&lt;/body&gt;"></iframe></div>
<script type="text/javascript">
  var googleSearchIframeName = "cse-search-results";
  var googleSearchFormName = "cse-search-box";
  var googleSearchFrameWidth = 700;
  var googleSearchDomain = "www.google.com";
  var googleSearchPath = "/cse";
</script>
<script type="text/javascript" src="https://www.google.com/afsonline/show_afs_search.js"></script>
<script>
	$search_urll=$('iframe[name="googleSearchFrame"]').attr('src');
	$search_urll_replace= $search_urll.replace("http://www.google.com", "https://www.google.com");
	$('iframe[name="googleSearchFrame"]').attr('src',$search_urll_replace);
</script>

  <p>
  Free Bangalore Online Calculators and Converters. <br>
This web site will help all the persons who like to learn and play with maths. It will be very much fun and also informative.</p>

<br>
    
  </div>
  <!-- content_left ends -->
  
  <!-- content_right begins -->
  <div class="content_right clearfix">
  
    <!-- right_menu_box begins -->
    <div class="right_menu_box">

<script> var leftTreeText = ''</script>   <h3 class="right_h3"><a href="//www.easycalculation.com"><span class="right_home"><img src="//www.easycalculation.com/images/trans.png" width="30" height="28" alt="english" class="sprite_img sprite-home">
		 </span><span style="color: #404040;padding:7px 0;display:inline-block;">Calculators and Converters</span> </a></h3>
	       </div>
	     <div class="clearfix"></div>
	     <div class="desktopDisp"><div align="center">
     <style>
    .easycal-300-250-responsive2 { display: none;}
    @media(min-width:500px) { .easycal-300-250-responsive2 { width: 300px; height: 250px; display:inline-block; } }
    @media(min-width:1020px) { .easycal-300-250-responsive2 { width: 250px; height: 250px; display:inline-block;} }
    @media(min-width:1250px) { .easycal-300-250-responsive2 { width: 300px; height: 250px; display:inline-block;} }
    </style>
       <script async="" src="//pagead2.googlesyndication.com/pagead/js/adsbygoogle.js"></script>
        <!-- easycal-300-250-responsive2 -->
        <ins class="adsbygoogle easycal-300-250-responsive2" data-ad-client="ca-pub-5279176980875369" data-ad-slot="3140091333" data-adsbygoogle-status="done" style="width: 250px; height: 250px;" data-ad-status="unfilled"><div id="aswift_1_host" style="border-width: medium; border-style: none; border-color: currentcolor; border-image: none; height: 250px; width: 250px; margin: 0px; padding: 0px; position: relative; visibility: visible; background-color: transparent; display: inline-block;"><iframe id="aswift_1" name="aswift_1" style="left:0;position:absolute;top:0;border:0;width:250px;height:250px;min-height:auto;max-height:none;min-width:auto;max-width:none;" sandbox="allow-forms allow-popups allow-popups-to-escape-sandbox allow-same-origin allow-scripts allow-top-navigation-by-user-activation" width="250" height="250" frameborder="0" marginwidth="0" marginheight="0" vspace="0" hspace="0" allowtransparency="true" scrolling="no" allow="attribution-reporting; run-ad-auction" src="https://googleads.g.doubleclick.net/pagead/ads?client=ca-pub-5279176980875369&amp;output=html&amp;h=250&amp;slotname=3140091333&amp;adk=1562959860&amp;adf=2895820350&amp;pi=t.ma~as.3140091333&amp;abgtt=9&amp;w=250&amp;lmt=1784610704&amp;rafmt=12&amp;format=250x250&amp;url=https%3A%2F%2Fwww.easycalculation.com%2Fsearch.php%3Fcx%3Dpartner-pub-5279176980875369%253A8996050927%26cof%3DFORID%253A10%26ie%3DUTF-8%26q%3DBangalore&amp;uach=WyJXaW5kb3dzIiwiMTkuMC4wIiwieDg2IiwiIiwiMTUwLjAuNzg3MS4xMjkiLG51bGwsMCxudWxsLCI2NCIsW1siTm90O0E9QnJhbmQiLCI4LjAuMC4wIl0sWyJDaHJvbWl1bSIsIjE1MC4wLjc4NzEuMTI5Il0sWyJHb29nbGUgQ2hyb21lIiwiMTUwLjAuNzg3MS4xMjkiXV0sMF0.&amp;dt=1784610704511&amp;bpp=1&amp;bdt=423&amp;idt=17&amp;shv=r20260720&amp;mjsv=m202607170101&amp;ptt=9&amp;saldr=aa&amp;abxe=1&amp;cookie=ID%3D2bd3755c657c86cd%3AT%3D1784610700%3ART%3D1784610700%3AS%3DALNI_MZIJox55ZHJTGaIu2KW3VheS1e0CA&amp;gpic=UID%3D000014ced34247c3%3AT%3D1784610700%3ART%3D1784610700%3AS%3DALNI_Mb7CYAW7vxioFcvWOxuASEm_5EGjQ&amp;eo_id_str=ID%3D700a89d9b890aafc%3AT%3D1784610700%3ART%3D1784610700%3AS%3DAA-AfjZYnLyoe-lXotQr_Tz0np5Y&amp;prev_fmts=0x0&amp;nras=1&amp;correlator=4739752037928&amp;frm=20&amp;pv=1&amp;u_tz=330&amp;u_his=3&amp;u_h=800&amp;u_w=1280&amp;u_ah=800&amp;u_aw=1280&amp;u_cd=24&amp;u_sd=1.5&amp;dmc=16&amp;adx=735&amp;ady=138&amp;biw=1021&amp;bih=630&amp;scr_x=0&amp;scr_y=0&amp;eid=31084127%2C95396101%2C95396568%2C31099810%2C42533293%2C95390278%2C95393484&amp;oid=2&amp;pvsid=5522075102811823&amp;tmod=907581970&amp;uas=1&amp;nvt=1&amp;ref=https%3A%2F%2Fwww.easycalculation.com%2F&amp;fc=1920&amp;brdim=10%2C10%2C10%2C10%2C1280%2C0%2C1050%2C780%2C1036%2C630&amp;vis=1&amp;rsz=%7C%7CpeE%7C&amp;abl=CS&amp;pfx=0&amp;fu=256&amp;bc=31&amp;bz=1.01&amp;ifi=2&amp;uci=a!2&amp;fsb=1&amp;dtd=20" data-google-container-id="a!2" tabindex="0" title="Advertisement" aria-label="Advertisement" data-google-query-id="CL7cnviA45UDFTdGwwYdbEsyEQ" data-load-complete="true"></iframe></div></ins>
        <script>
        (adsbygoogle = window.adsbygoogle || []).push({});
        </script>
</div></div>	      <div class="paddingTop clearfix"></div>
			      <!--div class="paddingTop"></div-->
	      <!-- right_menu_box ends -->
	     <div class="clearfix"></div>     
	      
	      <!-- right_menu_box begins -->
<div class="right_menu_box_promo" align="center">
<h2 class="right_h2">Top Calculators<span class="right_h2_arrow sprite-li_hd_bg_a"></span></h2>
<ul>
  <li> <a href="https://www.easycalculation.com/date-day/age-calculator.php"><img class="lazy" alt="Age Calculator" data-original="https://www.easycalculation.com/promo-images/thumb/age-calculator.png" src="https://www.easycalculation.com/promo-images/thumb/age-calculator.png" style="display: inline;"> <span> Age Calculator </span> </a> </li><li> <a href="https://www.easycalculation.com/statistics/standard-deviation.php"><img class="lazy" alt="Standard Deviation" data-original="https://www.easycalculation.com/promo-images/thumb/standard-deviation-calculation.png" src="https://www.easycalculation.com/promo-images/thumb/standard-deviation-calculation.png" style="display: inline;"> <span> SD Calculator </span> </a> </li><li> <a href="https://www.easycalculation.com/log-antilog.php"><img class="lazy" alt="Logarithm" data-original="https://www.easycalculation.com/promo-images/thumb/log-antilog.png" src="https://www.easycalculation.com/promo-images/thumb/log-antilog.png" style="display: inline;"> <span> Logarithm </span> </a> </li><li> <a href="https://www.easycalculation.com/love/love.php"><img class="lazy" alt="LOVE Game" data-original="https://www.easycalculation.com/promo-images/thumb/love.png" src="https://www.easycalculation.com/promo-images/thumb/love.png" style="display: inline;"> <span> LOVE Game </span> </a> </li></ul>
</div>	    <div class="paddingTop"></div>
	      <div class="right_menu_box" id="popcalcrightbox" onclick="showhidetopcate(this)">
	      <h2 class="right_h2">Popular Calculators<span class="right_h2_arrow sprite-li_hd_bg_a"></span></h2>
	      <ul>
		<li><a href="//www.easycalculation.com/differentiation/derivative-calculator.php">Derivative Calculator</a></li>
		    <li><a href="//www.easycalculation.com/matrix/matrix-inverse.php">Inverse of Matrix Calculator</a></li>
		    <li><a href="//www.easycalculation.com/compound-interest.php">Compound Interest Calculator</a></li>
		    <li><a href="//www.easycalculation.com/health/pregnancy.php">Pregnancy Calculator Online</a></li>	      </ul>
	      </div>
	      <!-- right_menu_box ends -->
	     <div class="clearfix"></div>     
	    <div class="paddingTop"></div>
	      <!-- right_menu_box begins -->
	      <div class="right_menu_box" id="topcaterightbox" onclick="showhidetopcate(this)">
	      <h2 class="right_h2">Top Categories<span class="right_h2_arrow sprite-li_hd_bg_a"></span></h2>
	      <ul>
		<li><a href="//www.easycalculation.com/algebra/algebra.php"><span class="sprite-right_ar1"></span>Algebra</a></li><li><a href="//www.easycalculation.com/analytical/analytical.php"><span class="sprite-right_ar1"></span>Analytical</a></li><li><a href="//www.easycalculation.com/date-day/dates.php"><span class="sprite-right_ar1"></span>Date Day</a></li><li><a href="//www.easycalculation.com/finance/finance.php"><span class="sprite-right_ar1"></span>Finance</a></li><li><a href="//www.easycalculation.com/health/health.php"><span class="sprite-right_ar1"></span>Health</a></li><li><a href="//www.easycalculation.com/mortgage/mortgage.php"><span class="sprite-right_ar1"></span>Mortgage</a></li><li><a href="//www.easycalculation.com/numbers.php"><span class="sprite-right_ar1"></span>Numbers</a></li><li><a href="//www.easycalculation.com/physics/physics.php"><span class="sprite-right_ar1"></span>Physics</a></li><li><a href="//www.easycalculation.com/statistics/statistics.php"><span class="sprite-right_ar1"></span>Statistics</a></li>		<div class="general_list2_more"><a href="//www.easycalculation.com/calculators.php">More</a> </div>
	      </ul>
	      </div>
	      <!-- right_menu_box ends -->
	     <div class="clearfix"></div>
    <br>
  </div>
  <!-- content_right ends -->
    <div align="center">
     <style>
    .easycal-300-250-responsive2-mob { width: 300px; height: 250px; display:inline-block; }
    @media(min-width: 500px) { .easycal-300-250-responsive2-mob { display:none; } }
    </style>
       <script async="" src="//pagead2.googlesyndication.com/pagead/js/adsbygoogle.js"></script>
        <!-- easycal-300-250-responsive2-mob -->
        <ins class="adsbygoogle easycal-300-250-responsive2-mob" data-ad-client="ca-pub-5279176980875369" data-ad-slot="3140091333" data-adsbygoogle-status="done" style="width: 300px; height: 250px;"><!--No ad requested because of display:none on the adsbygoogle tag--></ins>
        <script>
        (adsbygoogle = window.adsbygoogle || []).push({});
        </script> 
</div>
</div>
<!-- content ends -->

<script type="text/javascript">
	var chf_rss=true;
	function getPathFromUrl(url){return url.split("?")[0];}
	var curUrl = window.location.pathname; 
	var basName = curUrl.replace(/^.*[\/\\]/g, '');
	var curencyIndx = false;
</script>

<script type="text/javascript">
        var totaLoop=0;
        // Add a script element as a child of the body
        var dfLoadStatus = 0;
        var dfLoadFiles = [];
	if(getPathFromUrl(window.location.href) == "https://www.easycalculation.com/index.php" || getPathFromUrl(window.location.href) == "https://www.easycalculation.com/")
	{
		curencyIndx = true;
		dfLoadFiles.push(["currency-converter/currency-converter.js"]);
	}
		
function downloadJSAtOnload()
{ 
    if (!dfLoadFiles.length) return;

    var dfGroup = dfLoadFiles.shift();
    dfLoadStatus = 0;

    for(var i = 0; i<dfGroup.length; i++)
    {
        dfLoadStatus++;
        var element = document.createElement('script');
        element.src = "https://www.easycalculation.com/"+dfGroup[i];
        element.onload = element.onreadystatechange = function() {
        if ( ! this.readyState || this.readyState == 'complete' || this.readyState == 'loaded') {
            dfLoadStatus--;
            if (dfLoadStatus==0) downloadJSAtOnload();
        }
    };
    document.body.appendChild(element);
    totaLoop++;
  }
  if (i == dfGroup.length-1)
  {
  	if(getPathFromUrl(window.location.href) == "https://www.easycalculation/index.php" || getPathFromUrl(window.location.href) == "https://www.easycalculation.com/")
	{
		dfLoadFiles.push(["currency-converter/currency-converter.js"]);
		currency_calc();
	}
  }
}

// Check for browser support of event handling capability
if (window.addEventListener)
window.addEventListener("load", downloadJSAtOnload, false);
else if (window.attachEvent)
window.attachEvent("onload", downloadJSAtOnload);
else window.onload = downloadJSAtOnload;

</script>
	<script src="https://www.easycalculation.com/js/jquery.min.js?v0.4"></script>
<script src="https://www.easycalculation.com/common.js?v5.9"></script>
<script src="https://www.easycalculation.com/js/jquery.sticky.js?v0.1"></script>
<!--script src='//www.easycalculation.com/fact-slider.js'></script-->

<script type="text/javascript">
    var chf_sess = "";
    var chf_sess_mail = "";
    var chf_sess_mobile = "";
</script>


<link href="//www.easycalculation.com/commoncode/footer/chf_style.min.css?v0.8.1" rel="stylesheet" type="text/css">
<!--script type="text/javascript" src="//www.easycalculation.com/commoncode/footer/chf_script.js?v.1"></script-->
<script type="text/javascript">
	var fv='?v6.8';
	window.addEventListener('load', 
  	function() { 
	   	var homeurl="//www.easycalculation.com/commoncode/footer";
	    	var tag1 = document.createElement("script");
		tag1.src = homeurl+'/chf_script.js'+fv;
	  	document.getElementsByTagName("head")[0].appendChild(tag1);
   	}, false);

</script>

<script type="text/javascript">
	var mobiScrnWidth = $(window).width();
	function showhidetopcate(obj) {if (mobiScrnWidth < 480){var currightid = obj.id;if(currightid == "topcaterightbox") {$("#popcalcrightbox ul").hide();}else if(currightid == "popcalcrightbox") {$("#topcaterightbox ul").hide();}$("#"+currightid+" ul").show();}}
	$(document).ready(function(){if (mobiScrnWidth < 480){$("#popcalcrightbox ul").hide();$("#topcaterightbox ul").hide();}});
</script>


<ins class="adsbygoogle adsbygoogle-noablate" data-ad-hi="true" data-adsbygoogle-status="done" style="display: none !important;" data-ad-status="unfilled"><div id="aswift_0_host" style="border-width: medium; border-style: none; border-color: currentcolor; border-image: none; height: 0px; width: 0px; margin: 0px; padding: 0px; position: relative; visibility: visible; background-color: transparent; display: inline-block;"><iframe id="aswift_0" name="aswift_0" style="left:0;position:absolute;top:0;border:0;width:undefinedpx;height:undefinedpx;min-height:auto;max-height:none;min-width:auto;max-width:none;" sandbox="allow-forms allow-popups allow-popups-to-escape-sandbox allow-same-origin allow-scripts allow-top-navigation-by-user-activation" frameborder="0" marginwidth="0" marginheight="0" vspace="0" hspace="0" allowtransparency="true" scrolling="no" allow="attribution-reporting; run-ad-auction" src="https://googleads.g.doubleclick.net/pagead/ads?client=ca-pub-5279176980875369&amp;output=html&amp;adk=1812271804&amp;adf=3025194257&amp;abgtt=9&amp;lmt=1784610704&amp;plat=3%3A2162688%2C4%3A2162688%2C9%3A32776%2C16%3A8388608%2C17%3A32%2C24%3A32%2C25%3A32%2C30%3A1048576%2C32%3A32%2C41%3A32%2C42%3A32%2C43%3A32%2C44%3A32&amp;format=0x0&amp;url=https%3A%2F%2Fwww.easycalculation.com%2Fsearch.php%3Fcx%3Dpartner-pub-5279176980875369%253A8996050927%26cof%3DFORID%253A10%26ie%3DUTF-8%26q%3DBangalore&amp;pra=5&amp;aiof=10&amp;asro=0&amp;aimartd=4&amp;uach=WyJXaW5kb3dzIiwiMTkuMC4wIiwieDg2IiwiIiwiMTUwLjAuNzg3MS4xMjkiLG51bGwsMCxudWxsLCI2NCIsW1siTm90O0E9QnJhbmQiLCI4LjAuMC4wIl0sWyJDaHJvbWl1bSIsIjE1MC4wLjc4NzEuMTI5Il0sWyJHb29nbGUgQ2hyb21lIiwiMTUwLjAuNzg3MS4xMjkiXV0sMF0.&amp;dt=1784610704508&amp;bpp=3&amp;bdt=419&amp;idt=6&amp;shv=r20260720&amp;mjsv=m202607170101&amp;ptt=9&amp;saldr=aa&amp;abxe=1&amp;cookie=ID%3D2bd3755c657c86cd%3AT%3D1784610700%3ART%3D1784610700%3AS%3DALNI_MZIJox55ZHJTGaIu2KW3VheS1e0CA&amp;gpic=UID%3D000014ced34247c3%3AT%3D1784610700%3ART%3D1784610700%3AS%3DALNI_Mb7CYAW7vxioFcvWOxuASEm_5EGjQ&amp;eo_id_str=ID%3D700a89d9b890aafc%3AT%3D1784610700%3ART%3D1784610700%3AS%3DAA-AfjZYnLyoe-lXotQr_Tz0np5Y&amp;nras=1&amp;correlator=4739752037928&amp;frm=20&amp;pv=2&amp;u_tz=330&amp;u_his=3&amp;u_h=800&amp;u_w=1280&amp;u_ah=800&amp;u_aw=1280&amp;u_cd=24&amp;u_sd=1.5&amp;dmc=16&amp;adx=-12245933&amp;ady=-12245933&amp;biw=1021&amp;bih=630&amp;scr_x=0&amp;scr_y=0&amp;eid=31084127%2C95396101%2C95396568%2C31099810%2C42533293%2C95390278%2C95393484&amp;oid=2&amp;pvsid=5522075102811823&amp;tmod=907581970&amp;uas=1&amp;nvt=1&amp;fsapi=1&amp;ref=https%3A%2F%2Fwww.easycalculation.com%2F&amp;fc=1920&amp;brdim=10%2C10%2C10%2C10%2C1280%2C0%2C1050%2C780%2C1036%2C630&amp;vis=1&amp;rsz=%7C%7Cs%7C&amp;abl=NS&amp;fu=32768&amp;bc=31&amp;bz=1.01&amp;ifi=1&amp;uci=a!1&amp;fsb=1&amp;dtd=11" data-google-container-id="a!1" tabindex="0" title="Advertisement" aria-label="Advertisement" data-load-complete="true"></iframe></div></ins><iframe name="googlefcPresent" style="display: none; width: 0px; height: 0px; border-width: medium; border-style: none; border-color: currentcolor; border-image: none; z-index: -1000; left: -1000px; top: -1000px;"></iframe><ins class="adsbygoogle adsbygoogle-noablate" data-adsbygoogle-status="done" data-anchor-status="displayed" data-ad-status="filled" data-anchor-shown="true" style="display: block; bottom: 0px; clear: none !important; float: none !important; height: 95px; left: 50%; margin: 0px !important; max-height: none !important; max-width: none !important; opacity: 1; overflow: visible !important; padding: 0px !important; position: fixed; right: auto !important; top: auto !important; vertical-align: baseline !important; visibility: visible !important; width: auto; z-index: 2147483647; transform: translateX(-50%); box-shadow: rgba(0, 0, 0, 0.5) 0px -4px 12px -4px, rgba(0, 0, 0, 0.3) 0px 4px 8px -3px; border-radius: 5px; background: rgb(250, 250, 250) !important;"><div class="grippy-host"></div><div id="aswift_3_host" style="border-width: medium !important; border-style: none !important; border-color: currentcolor !important; border-image: none !important; height: 90px; width: 728px !important; margin: 0px !important; padding: 0px !important; position: relative !important; visibility: visible !important; background-color: transparent !important; display: inline-block !important; inset: auto !important; clear: none !important; float: none !important; max-height: none !important; max-width: none !important; opacity: 1 !important; overflow: visible !important; vertical-align: baseline !important; z-index: auto !important;"><iframe id="aswift_3" name="aswift_3" style="min-height: auto; max-height: none; min-width: auto; max-width: none; width: 728px !important; height: 90px !important; display: block; margin: 0px auto;" sandbox="allow-forms allow-popups allow-popups-to-escape-sandbox allow-same-origin allow-scripts allow-top-navigation-by-user-activation" width="728" height="90" frameborder="0" marginwidth="0" marginheight="0" vspace="0" hspace="0" allowtransparency="true" scrolling="no" allow="attribution-reporting; run-ad-auction" src="https://googleads.g.doubleclick.net/pagead/html/r20260720/r20190131/zrt_lookup_fy2021.html#RS-1-&amp;adk=1812271801&amp;client=ca-pub-5279176980875369&amp;fa=1&amp;ifi=4&amp;uci=a!4&amp;btvi=1" data-google-container-id="a!4" tabindex="0" title="Advertisement" aria-label="Advertisement" data-google-query-id="CL2enfiA45UDFXhdAAYdf-0KvA" data-load-complete="true"></iframe></div></ins><iframe name="__tcfapiLocator" src="about:blank" style="display: none; width: 0px; height: 0px; border-width: medium; border-style: none; border-color: currentcolor; border-image: none; z-index: -1000; left: -1000px; top: -1000px;"></iframe><iframe name="googlefcInactive" src="about:blank" style="display: none; width: 0px; height: 0px; border-width: medium; border-style: none; border-color: currentcolor; border-image: none; z-index: -1000; left: -1000px; top: -1000px;"></iframe><iframe name="googlefcLoaded" src="about:blank" style="display: none; width: 0px; height: 0px; border-width: medium; border-style: none; border-color: currentcolor; border-image: none; z-index: -1000; left: -1000px; top: -1000px;"></iframe><div class="clear"></div><div id="add" style="position: fixed;bottom: -4px;z-index: 100;width:100%;"></div><div class="cmn_site_footer chf_clearfix"><div class="cmn_footer_content"><div class="cmn_terms csf_left csf_mobile"><a title="Sitemap" href="https://www.easycalculation.com/sitemap.xml"><span class="chf_sitemap"></span></a><span class="chf_rss1" style="display: inline;">|</span><a title="Rss" class="chf_rss" href="https://www.easycalculation.com/rss.xml" style="display: inline;"><span class="chf_rssfeed"></span></a>|<a title="Terms" href="https://www.easycalculation.com/terms.php"><span class="chf_terms"></span></a>|<a title="Privacy" href="https://www.easycalculation.com/privacy.php"><span class="chf_privacy"></span></a>|<a href="https://www.easycalculation.com/contact-us.php" title="Contact">Contact</a></div><div class="cmn_terms csf_left csf_desktop"><a href="https://www.easycalculation.com/contact-us.php" title="Contact">Contact</a>||<a title="Privacy" href="https://www.easycalculation.com/privacy.php"><span class="chf_privacy"></span></a>||<a title="Terms" href="https://www.easycalculation.com/terms.php"><span class="chf_terms"></span></a>||<a title="Rss" class="chf_rss" href="https://www.easycalculation.com/rss.xml" style="display: inline;"><span class="chf_rssfeed"></span></a><span class="chf_rss1" style="display: inline;">||</span><a title="Sitemap" href="https://www.easycalculation.com/sitemap.xml"><span class="chf_sitemap"></span></a></div><div class="cmn_terms csf_right"><a href="https://www.hioxindia.com" target="_blank" title="Web Hosting">Web Hosting</a> by Hiox India</div></div></div><div id="showhide" class="sticky_footer" style="display:none;"></div><div class="common_footer"><div class="common_footer_content"><ul class="f_left" onmouseenter="get_div('list');"><li><span class="sprite-001-menu"></span><ul class="common_footer_megamenu"><div class="common_footer_sitelist" id="common_footer_sitelist"><div id="chf_load_site" style="display:block;padding-left:45%;padding-top:8%;">Loading...</div></div></ul></li><li><div class="common_footer_adver"><a href="javascript:void(0)">Hiox</a></div><ul class="common_footer_megamenu"><div class="common_footer_sitelist" id="common_footer_sitelist"><div id="chf_load_site" style="display:block;padding-left:45%;padding-top:8%;">Loading...</div></div></ul></li></ul><div class="common_footer_promo" id="common_footer_promo"><div class="chf_hiox_special chf_clearfix" id="chf_hiox_special_div_id"><div><div class="chf_hiox_special_d"><a href="https://www.hiox.com" target="_blank"><img src="https://www.easycalculation.com/commoncode/footer/promo/hiox-cloud-banner.gif" style="width:100px;height:30px;margin-top:5px;" border="0" title="Hiox Cloud" alt="Hiox"></a><input type="hidden" id="chf_time_0" value="4000"></div><div class="chf_hiox_special_m"><a href="https://www.hiox.com" target="_blank"><img src="https://www.easycalculation.com/commoncode/footer/promo/hiox-cloud-banner.gif" style="width:100px;height:30px;" border="0" title="Hiox Cloud" alt="Hiox"></a><input type="hidden" id="chf_time_m_0" value="4000"></div></div></div></div><ul class="f_right r_hide"><div class="mob_form clearfix" id="mob_form"></div><li onmouseenter="get_div('form_issue');"><span class="sprite-002-report"></span><ul><div class="common_footer_form" id="common_footer_form_issue" style="display:none;"><div id="chf_load" style="display:block;padding-left:45%;padding-top:8%;">Loading...</div></div></ul></li><li onmouseenter="get_div('form');"><span class="sprite-003-subscribe"></span><ul><div class="common_footer_form" id="common_footer_form_sub" style="display:none;"><div id="chf_load" style="display:block;padding-left:45%;padding-top:8%;">Loading...</div></div></ul></li><li id="download_app" style="display:none" onclick="app_subscribe()"><span class="sprite-025-android"></span></li><li onmouseenter="get_div('social_link');"><span class="sprite-004-facebook"></span><span class="sprite-005-whatsapp"></span><ul><div class="common_footer_social" id="common_footer_social"><div id="chf_load" style="display:block;padding-left:45%;padding-top:8%;">Loading...</div></div></ul></li></ul></div></div></body><iframe id="google_esf" name="google_esf" src="https://googleads.g.doubleclick.net/pagead/html/r20260720/r20190131/zrt_lookup_fy2021.html" style="display: none;"></iframe><ins class="adsbygoogle adsbygoogle-noablate" data-adsbygoogle-status="done" style="display: none !important; width: 100vw !important; height: 100vh !important; inset: 0px auto auto 0px !important; clear: none !important; float: none !important; margin: 0px !important; max-height: none !important; max-width: none !important; opacity: 1 !important; overflow: visible !important; padding: 0px !important; position: fixed !important; vertical-align: baseline !important; visibility: visible !important; z-index: 2147483647 !important; background: transparent !important;" aria-hidden="true" data-ad-status="filled" data-vignette-loaded="true"><div id="aswift_2_host" style="border-width: medium !important; border-style: none !important; border-color: currentcolor !important; border-image: none !important; height: 100vh !important; width: 100vw !important; margin: 0px !important; padding: 0px !important; position: relative !important; visibility: visible !important; background-color: transparent !important; display: inline-block !important; inset: auto !important; clear: none !important; float: none !important; max-height: none !important; max-width: none !important; opacity: 1 !important; overflow: visible !important; vertical-align: baseline !important; z-index: auto !important;"><iframe id="aswift_2" name="aswift_2" style="min-height: auto !important; max-height: none !important; min-width: auto !important; max-width: none !important; width: 100vw !important; height: 100vh !important; inset: 0px auto auto 0px !important; position: absolute !important; clear: none !important; display: inline !important; float: none !important; margin: 0px !important; opacity: 1 !important; overflow: visible !important; padding: 0px !important; vertical-align: baseline !important; visibility: visible !important; z-index: auto !important;" sandbox="allow-forms allow-popups allow-popups-to-escape-sandbox allow-same-origin allow-scripts allow-top-navigation-by-user-activation" width="" height="" frameborder="0" marginwidth="0" marginheight="0" vspace="0" hspace="0" allowtransparency="true" scrolling="no" allow="attribution-reporting; run-ad-auction" src="https://googleads.g.doubleclick.net/pagead/html/r20260720/r20190131/zrt_lookup_fy2021.html#RS-0-&amp;adk=1812271808&amp;client=ca-pub-5279176980875369&amp;fa=8&amp;ifi=3&amp;uci=a!3" data-google-container-id="a!3" tabindex="0" title="Advertisement" aria-label="Advertisement" data-google-query-id="CLuenfiA45UDFXhdAAYdf-0KvA" data-load-complete="true"></iframe></div></ins></html>
Page Source Length : 40385
]]></system-out>
    <system-err><![CDATA[SLF4J(W): No SLF4J providers were found.
SLF4J(W): Defaulting to no-operation (NOP) logger implementation
SLF4J(W): See https://www.slf4j.org/codes.html#noProviders for further details.
Jul 21, 2026 10:41:38 AM org.openqa.selenium.devtools.CdpVersionFinder findNearestMatch
WARNING: Unable to find an exact match for CDP version 150, returning the closest version; found: 148; Please update to a Selenium version that supports CDP version 150
]]></system-err>
  </testcase>
  <testcase name="firefoxBrowserCommands" classname="com.jenkinsCICDDemoTest.jenkinsCICDTest" time="15.405">
    <system-out><![CDATA[Page Title : Bangalore Calculators and Converters on Easycalculation.com
<html lang="en"><head profile="http://www.w3.org/2005/10/profile">
<link rel="shortcut icon" href="//www.easycalculation.com/favicon.ico" type="image/x-icon">
<meta http-equiv="Content-Type" content="text/html; charset=UTF-8">
  <title>Bangalore Calculators and Converters on Easycalculation.com</title>
	<meta name="verify-v1" content="vonLJqy8vE8R7BwQudAXzPDvR9P+sWyRgXbGhp+kewY=">
	<meta name="DESCRIPTION" content="Bangalore calculators and converters search results on easycalculation.com">
	<meta name="viewport" content="width=device-width; initial-scale=1.0">
	<!-- main css -->
	<link href="//www.easycalculation.com/css/style.css?v6.8" rel="stylesheet" type="text/css">
	
	<!-- html5.js for IE less than 9 -->
	<!--[if lt IE 9]>
		<script src="//www.easycalculation.com/js/html5.js"></script>
	<![endif]-->
	
	<!-- css3-mediaqueries.js for IE less than 9 -->
	<!--[if lt IE 9]>
		<script src="//www.easycalculation.com/js/css3-mediaqueries.js"></script>
	<![endif]-->
				<script src="https://pagead2.googlesyndication.com/pagead/managed/js/adsense/m202607160101/show_ads_impl_fy2021.js"></script><script src="//www.easycalculation.com/js/jquery.min.js"></script>
			    <script async="" src="//pagead2.googlesyndication.com/pagead/js/adsbygoogle.js"></script>
	    <script>
	      (adsbygoogle = window.adsbygoogle || []).push({
		google_ad_client: "ca-pub-5279176980875369",
		enable_page_level_ads: true
	      });
	    </script>
<meta http-equiv="origin-trial" content="AlK2UR5SkAlj8jjdEc9p3F3xuFYlF6LYjAML3EOqw1g26eCwWPjdmecULvBH5MVPoqKYrOfPhYVL71xAXI1IBQoAAAB8eyJvcmlnaW4iOiJodHRwczovL2RvdWJsZWNsaWNrLm5ldDo0NDMiLCJmZWF0dXJlIjoiV2ViVmlld1hSZXF1ZXN0ZWRXaXRoRGVwcmVjYXRpb24iLCJleHBpcnkiOjE3NTgwNjcxOTksImlzU3ViZG9tYWluIjp0cnVlfQ=="><meta http-equiv="origin-trial" content="Amm8/NmvvQfhwCib6I7ZsmUxiSCfOxWxHayJwyU1r3gRIItzr7bNQid6O8ZYaE1GSQTa69WwhPC9flq/oYkRBwsAAACCeyJvcmlnaW4iOiJodHRwczovL2dvb2dsZXN5bmRpY2F0aW9uLmNvbTo0NDMiLCJmZWF0dXJlIjoiV2ViVmlld1hSZXF1ZXN0ZWRXaXRoRGVwcmVjYXRpb24iLCJleHBpcnkiOjE3NTgwNjcxOTksImlzU3ViZG9tYWluIjp0cnVlfQ=="><meta http-equiv="origin-trial" content="A9nrunKdU5m96PSN1XsSGr3qOP0lvPFUB2AiAylCDlN5DTl17uDFkpQuHj1AFtgWLxpLaiBZuhrtb2WOu7ofHwEAAACKeyJvcmlnaW4iOiJodHRwczovL2RvdWJsZWNsaWNrLm5ldDo0NDMiLCJmZWF0dXJlIjoiQUlQcm9tcHRBUElNdWx0aW1vZGFsSW5wdXQiLCJleHBpcnkiOjE3NzQzMTA0MDAsImlzU3ViZG9tYWluIjp0cnVlLCJpc1RoaXJkUGFydHkiOnRydWV9"><meta http-equiv="origin-trial" content="A93bovR+QVXNx2/38qDbmeYYf1wdte9EO37K9eMq3r+541qo0byhYU899BhPB7Cv9QqD7wIbR1B6OAc9kEfYCA4AAACQeyJvcmlnaW4iOiJodHRwczovL2dvb2dsZXN5bmRpY2F0aW9uLmNvbTo0NDMiLCJmZWF0dXJlIjoiQUlQcm9tcHRBUElNdWx0aW1vZGFsSW5wdXQiLCJleHBpcnkiOjE3NzQzMTA0MDAsImlzU3ViZG9tYWluIjp0cnVlLCJpc1RoaXJkUGFydHkiOnRydWV9"><meta http-equiv="origin-trial" content="A1S5fojrAunSDrFbD8OfGmFHdRFZymSM/1ss3G+NEttCLfHkXvlcF6LGLH8Mo5PakLO1sCASXU1/gQf6XGuTBgwAAACQeyJvcmlnaW4iOiJodHRwczovL2dvb2dsZXRhZ3NlcnZpY2VzLmNvbTo0NDMiLCJmZWF0dXJlIjoiQUlQcm9tcHRBUElNdWx0aW1vZGFsSW5wdXQiLCJleHBpcnkiOjE3NzQzMTA0MDAsImlzU3ViZG9tYWluIjp0cnVlLCJpc1RoaXJkUGFydHkiOnRydWV9"><link type="text/css" href="//fonts.googleapis.com/css?family=Google%20Sans%3A400" rel="stylesheet"><link type="text/css" href="//fonts.googleapis.com/css?family=Google%20Sans%3A700" rel="stylesheet"><script async="" src="https://fundingchoicesmessages.google.com/i/ca-pub-5279176980875369?href=https%3A%2F%2Fwww.easycalculation.com%2Fsearch.php&amp;ers=2"></script><script async="" src="https://fundingchoicesmessages.google.com/f/AGSKWxVjvCza00DwX-fRyT_9VJyL-kWE_XCsIHFt3FW6D327ZM2P5XS6KS5p9Ga7eQOBuDPSoPmcZn9hI0vA-QP8J2EBZo3klbYHzGttToRIw0NY_p9UZP3Ei5XSi3YOtI6R1PaN9u0aAA==?fccs=W1siQUtzUm9sOTd3NmYxY2pkY1NYWUNYT3dPNFFrSHdNOUY0aEFjaTY5RU5LYWQ1VlBiREJ0eWxiVHJoQ3hOemJCSzgxOExJZjY4Nm9jVGxVWXUxTlg4SGg4dHRrWVNUeWRNTGRqYldBUTJheUh1QWhpVDJsdVFVbUpRX3ZuZ1NkNjRNMndfcnJfaXVOY2hnN3VFLWRtNXB1LUo3VDl0aWg4dm9BPT0iXSxudWxsLG51bGwsbnVsbCxudWxsLG51bGwsWzE3ODQ2MTA3MjEsMzkxMDAwMDAwXSxudWxsLG51bGwsbnVsbCxbbnVsbCxbN11dLCJodHRwczovL3d3dy5lYXN5Y2FsY3VsYXRpb24uY29tL3NlYXJjaC5waHAiLG51bGwsW1s4LCIxNXBHamNpektmUSJdLFs5LCJlbi1VUyJdLFsxOCwiW1tbbnVsbCw1MDI4XV1dIl0sWzIzLCIxNzg0NjEwNzEzIl0sWzM1LCIxNzg0NjEwNzE0Il0sWzE5LCIyIl0sWzE3LCJbMF0iXSxbMjQsInd3dy5lYXN5Y2FsY3VsYXRpb24uY29tIl0sWzI5LCJmYWxzZSJdXV0"></script><script async="" src="https://fundingchoicesmessages.google.com/f/AGSKWxWjMa-ePKtmz7eQneoRvL2GSXP7vXwroWSc5dxClcDI_5kFwhOUuOzAzN7ZGcv_4vkz40OS9cSvb3MV2Psth3sysPRrqGTWRxU8IiGEC29ItqP4FpY-X5ikyq3qs0cEPNuPemrIXg==?fccs=W1siQUtzUm9sOTd3NmYxY2pkY1NYWUNYT3dPNFFrSHdNOUY0aEFjaTY5RU5LYWQ1VlBiREJ0eWxiVHJoQ3hOemJCSzgxOExJZjY4Nm9jVGxVWXUxTlg4SGg4dHRrWVNUeWRNTGRqYldBUTJheUh1QWhpVDJsdVFVbUpRX3ZuZ1NkNjRNMndfcnJfaXVOY2hnN3VFLWRtNXB1LUo3VDl0aWg4dm9BPT0iXSxudWxsLG51bGwsbnVsbCxudWxsLG51bGwsWzE3ODQ2MTA3MjEsOTA0MDAwMDAwXSxudWxsLG51bGwsbnVsbCxbbnVsbCxbNyw5XSxudWxsLDIsbnVsbCwiZW4iXSwiaHR0cHM6Ly93d3cuZWFzeWNhbGN1bGF0aW9uLmNvbS9zZWFyY2gucGhwIixudWxsLFtbOCwiMTVwR2pjaXpLZlEiXSxbOSwiZW4tVVMiXSxbMTgsIltbW251bGwsNTAyOF1dXSJdLFsyMywiMTc4NDYxMDcxMyJdLFszNSwiMTc4NDYxMDcxNCJdLFsxOSwiMiJdLFsxNywiWzBdIl0sWzI0LCJ3d3cuZWFzeWNhbGN1bGF0aW9uLmNvbSJdLFsyOSwiZmFsc2UiXV1d"></script><script src="//www.easycalculation.com/commoncode/footer/chf_script.js?v6.8"></script></head> 
<body>
<!-- header_part begins -->
<div class="header_part">

<!-- header begins -->
	<header>
	
		<!-- header begins -->
		<div class="header clearfix" id="wrap">
		  
			<div class="logo">
						      <a href="//www.easycalculation.com/">
							<img src="//www.easycalculation.com/images/logo.png" alt="easycalculation.com"> 
			</a>
			<div class="search">
  <form action="https://www.easycalculation.com/search.php" id="cse-search-box">
      <input type="hidden" name="cx" value="partner-pub-5279176980875369:8996050927">
      <input type="hidden" name="cof" value="FORID:10">
      <input type="hidden" name="ie" value="UTF-8">
      <span><input type="text" id="googleSearchId" name="q" class="search_txt" placeholder="Google Custom Search"></span>
      <span><button class="search_button"></button></span>  </form>
</div>
		</div>
		<div class="right_head_nav">
			<div class="right_head_con hiox_language">
			<span class="icon-earth3"></span><span class="right_text">
			<span class="lang">English</span>			<!--span class="lang">Languages</span-->
			<div class="hiox_language_list clearfix">
			<ul>
			<li> <a href="https://www.easycalculation.com/es/index.php"> <span> <img src="//www.easycalculation.com/images/trans.png" width="16" height="16" class="sprite_img sprite-Spain"></span><span>Español</span> </a> </li><li> <a href="https://www.easycalculation.com/fr/index.php"> <span> <img src="//www.easycalculation.com/images/trans.png" width="16" height="16" class="sprite_img sprite-France"></span><span>Français</span> </a> </li><li> <a href="https://www.easycalculation.com/de/index.php"> <span> <img src="//www.easycalculation.com/images/trans.png" width="16" height="16" class="sprite_img sprite-Germany"></span><span>Deutschland</span> </a> </li><li> <a href="https://www.easycalculation.com/zh/index.php"> <span> <img src="//www.easycalculation.com/images/trans.png" width="16" height="16" class="sprite_img sprite-China"></span><span>中国</span> </a> </li><li> <a href="https://www.easycalculation.com/pt/index.php"> <span> <img src="//www.easycalculation.com/images/trans.png" width="16" height="16" class="sprite_img sprite-Portugal"></span><span>Português</span> </a> </li><li> <a href="https://www.easycalculation.com/ru/index.php"> <span> <img src="//www.easycalculation.com/images/trans.png" width="16" height="16" class="sprite_img sprite-Russia"></span><span>Pусский</span> </a> </li><li> <a href="https://www.easycalculation.com/ja/index.php"> <span> <img src="//www.easycalculation.com/images/trans.png" width="16" height="16" class="sprite_img sprite-Japan"></span><span>日本語</span> </a> </li><li> <a href="https://www.easycalculation.com/tr/index.php"> <span> <img src="//www.easycalculation.com/images/trans.png" width="16" height="16" class="sprite_img sprite-Turkey"></span><span>Türk</span> </a> </li>			</ul>
			</div>
			</span>
			
			
			</div>
			<div class="right_head_con">
			<span class="icon-lock39"></span><span class="right_text txtshdow"><a href="https://www.login.hiox.com/login?referrer=easycalculation.com"><span>Sign in</span></a></span>			</div>
			</div>
		</div>
		<!-- header ends -->	
	</header>
	<!-- header ends -->
<!-- navigation_part starts -->
<div class="main_nav">
    
    <!-- nav begins -->
	<nav>
	<div class="nav clearfix" tabindex="0">
		<ul>
		<li> <a href="//www.easycalculation.com/index.php" target="_parent">Calculators</a> </li><li> <a href="//www.easycalculation.com/unit-conversion/index.php"> Converters </a> </li><li> <a href="//www.easycalculation.com/formulas/index.php" target="_parent"> Formulas </a> </li><li> <a href="//www.easycalculation.com/currency-converter/index.php"> Currencies </a> </li><li> <a href="//www.easycalculation.com/charts-and-tables.php" target="_parent"> Charts </a> </li><li> <a href="//www.easycalculation.com/examples.php" target="_parent"> Examples </a> </li><li> <a href="//www.easycalculation.com/tutorial.php" target="_parent"> Tutorials </a> </li>
			<li> <a href="//www.easycalculation.com/faq/index.php" target="_parent"> Answers </a> </li>
			<li> <a href="#"> Others </a>
			<ul>
				<li>
					<ul>
						<li> <a href="//www.easycalculation.com/math-facts/index.php" target="_parent"> Facts </a> </li>
						<li> <a href="//www.easycalculation.com/code/index.php" target="_parent"> Code </a> </li>
						<li> <a href="//www.easycalculation.com/maths-dictionary/index.php" target="_parent"> Dictionary </a> </li>
						<li> <a href="//www.easycalculation.com/calculator-download.php" target="_parent"> Download </a> </li>
						<li> <a href="//www.easycalculation.com/constant/constants.php" target="_parent"> Constants </a> </li>
						<li> <a href="//www.easycalculation.com/excel-calculators-download.php" target="_parent"> Excel </a> </li>
						<!--li> <a href="//www.easycalculation.com/event/event-calendar.php" target="_parent"> Calendars </a> </li-->
						<li> <a href="//www.easycalculation.com/theorems/geometry-theorems.php" target="_parent"> Theorems </a> </li>
					</ul>
				</li>
			</ul>
			</li>		</ul>
	</div>
	</nav> 
</div>
<!-- navigation_part ends -->
</div>
<!-- header_part Ends -->

<!-- START DIV FOR ALARM -->
<div id="alarmPop" style="display:none;">  </div>
<!-- END DIV FOR ALARM -->
<!-- content begins -->

<div class="content clearfix" id="alarmContentDisplay">

  <!-- content_left begins -->
  <div class="content_left clearfix">

  <p> Search Results | <b>Bangalore</b> calculators and converters on easycalculation.com.</p>
	<!-- Google Search Result Snippet Begins -->
	<div id="cse-search-results"><iframe name="googleSearchFrame" width="795" height="1860" frameborder="0" marginwidth="0" marginheight="0" scrolling="no" sandbox="allow-scripts allow-same-origin allow-popups allow-popups-to-escape-sandbox allow-top-navigation" srcdoc="&lt;body&gt;&lt;script src=&quot;https://cse.google.com/cse.js?cx=partner-pub-5279176980875369%3A8996050927&quot;&gt;&lt;/script&gt;&lt;div class=&quot;gcse-searchresults-only&quot; id=&quot;inner-sbox&quot; data-adTest=&quot;&quot; data-enableHistory=&quot;false&quot; data-enableAutoComplete=&quot;false&quot; data-gname=&quot;iSbox&quot; data-personalizedAds=&quot;false&quot; data-query=&quot;Bangalore&quot; data-webSearchResultSetSize=&quot;10&quot;&gt;&lt;/div&gt;&lt;script defer&gt;var iFrame = window.frameElement;
          if (iFrame != null) {
            var div = document.getElementById('inner-sbox');
            var query = div.getAttribute('data-query');
            function doQuery() {
              var doSearch = setInterval(function() {
                  if ('google' in window) {
                    var element = window.google.search.cse.element.getElement('iSbox');
                    element.execute(query);
                    clearInterval(doSearch);
                  } else {
                    console.log('google not found yet');
                  }
                }, 10);
            }
            if (query) doQuery();

            // Add JavaScript to scroll the window to the top when a navigation
            // link or any link which reloads the iframe is clicked.
            if (iFrame.attachEvent) {
              iFrame.attachEvent('onload', function(ev) {
                window.scrollTo(0, 0);
              });
            } else {
              iFrame.addEventListener('load', function() {
                  window.scrollTo(0, 0);
                }, false);
            }

            // Resize iframe
            setInterval(function() {
              if (document.location.hash &amp;&amp; document.location.hash != '#') {
                const height = document.location.hash.substring(1) + 'px';
                if (iFrame.height !== height &amp;&amp; height != '0px') {
                  iFrame.height = height;
                }
              }
            }, 10);
          }&lt;/script&gt;&lt;/body&gt;"></iframe></div>
<script type="text/javascript">
  var googleSearchIframeName = "cse-search-results";
  var googleSearchFormName = "cse-search-box";
  var googleSearchFrameWidth = 700;
  var googleSearchDomain = "www.google.com";
  var googleSearchPath = "/cse";
</script>
<script type="text/javascript" src="https://www.google.com/afsonline/show_afs_search.js"></script>
<script>
	$search_urll=$('iframe[name="googleSearchFrame"]').attr('src');
	$search_urll_replace= $search_urll.replace("http://www.google.com", "https://www.google.com");
	$('iframe[name="googleSearchFrame"]').attr('src',$search_urll_replace);
</script>

  <p>
  Free Bangalore Online Calculators and Converters. <br>
This web site will help all the persons who like to learn and play with maths. It will be very much fun and also informative.</p>

<br>
    
  </div>
  <!-- content_left ends -->
  
  <!-- content_right begins -->
  <div class="content_right clearfix">
  
    <!-- right_menu_box begins -->
    <div class="right_menu_box">

<script> var leftTreeText = ''</script>   <h3 class="right_h3"><a href="//www.easycalculation.com"><span class="right_home"><img src="//www.easycalculation.com/images/trans.png" width="30" height="28" alt="english" class="sprite_img sprite-home">
		 </span><span style="color: #404040;padding:7px 0;display:inline-block;">Calculators and Converters</span> </a></h3>
	       </div>
	     <div class="clearfix"></div>
	     <div class="desktopDisp"><div align="center">
     <style>
    .easycal-300-250-responsive2 { display: none;}
    @media(min-width:500px) { .easycal-300-250-responsive2 { width: 300px; height: 250px; display:inline-block; } }
    @media(min-width:1020px) { .easycal-300-250-responsive2 { width: 250px; height: 250px; display:inline-block;} }
    @media(min-width:1250px) { .easycal-300-250-responsive2 { width: 300px; height: 250px; display:inline-block;} }
    </style>
       <script async="" src="//pagead2.googlesyndication.com/pagead/js/adsbygoogle.js"></script>
        <!-- easycal-300-250-responsive2 -->
        <ins class="adsbygoogle easycal-300-250-responsive2" data-ad-client="ca-pub-5279176980875369" data-ad-slot="3140091333" data-adsbygoogle-status="done" style="width: 300px; height: 250px;" data-ad-status="unfill-optimized"><div id="aswift_1_host" style="border: medium; height: 250px; width: 300px; margin: 0px; padding: 0px; position: relative; visibility: visible; background-color: transparent; display: inline-block;"><div data-google-ad-efd="true" class="google-aiuf" style="width: 300px !important; display: flex !important; flex-wrap: wrap !important; place-content: center !important; align-items: center !important; gap: 10px !important; font-size: initial !important; height: 250px !important;"><div style="border-block-style: initial !important; border-inline: initial !important; border-end-end-radius: initial !important; border-end-start-radius: initial !important; border-start-end-radius: initial !important; border-start-start-radius: initial !important; border-block-width: initial !important; border-block-color: initial !important; overflow-block: initial !important; overflow-inline: initial !important; overscroll-behavior-block: initial !important; overscroll-behavior-inline: initial !important; margin-block: initial !important; margin-inline: initial !important; scroll-margin-block: initial !important; scroll-margin-inline: initial !important; padding-block: initial !important; padding-inline: initial !important; scroll-padding-block: initial !important; scroll-padding-inline: initial !important; contain-intrinsic-block-size: initial !important; contain-intrinsic-inline-size: initial !important; max-block-size: initial !important; max-inline-size: initial !important; inset-block: initial !important; inset-inline: initial !important; block-size: initial !important; inline-size: initial !important; min-block-size: initial !important; min-inline-size: initial !important; background-attachment: initial !important; background-blend-mode: initial !important; background-clip: initial !important; background-image: initial !important; background-origin: initial !important; background-position: initial !important; background-repeat: initial !important; background-size: initial !important; background-color: rgb(248, 249, 250) !important; border: 1px solid rgb(218, 220, 224) !important; box-decoration-break: initial !important; -moz-float-edge: initial !important; border-radius: 4px !important; vertical-align: initial !important; backface-visibility: initial !important; break-inside: initial !important; clear: initial !important; contain: initial !important; container: initial !important; content-visibility: initial !important; display: flex !important; float: initial !important; isolation: initial !important; -moz-orient: initial !important; overflow-anchor: initial !important; position: initial !important; resize: initial !important; scroll-behavior: initial !important; scroll-snap-align: initial !important; scroll-snap-stop: initial !important; scroll-snap-type: initial !important; scrollbar-gutter: initial !important; touch-action: initial !important; transform-box: initial !important; transform-style: initial !important; appearance: initial !important; break-after: initial !important; break-before: initial !important; overflow: initial !important; overscroll-behavior: initial !important; anchor-name: initial !important; offset: initial !important; perspective: initial !important; rotate: initial !important; scale: initial !important; shape-outside: initial !important; transform-origin: initial !important; translate: initial !important; -webkit-line-clamp: initial !important; will-change: initial !important; zoom: initial !important; perspective-origin: initial !important; anchor-scope: initial !important; transform: initial !important; shape-image-threshold: initial !important; shape-margin: initial !important; column-fill: initial !important; column-span: initial !important; column-rule: initial !important; columns: initial !important; content: initial !important; counter-increment: initial !important; counter-reset: initial !important; counter-set: initial !important; mix-blend-mode: initial !important; backdrop-filter: initial !important; box-shadow: initial !important; clip: initial !important; filter: initial !important; opacity: initial !important; font-kerning: initial !important; font-language-override: initial !important; font-optical-sizing: initial !important; font-synthesis: initial !important; font-variant: initial !important; math-shift: initial !important; math-style: initial !important; font-family: inherit !important; font-feature-settings: initial !important; font-palette: initial !important; font-size: inherit !important; font-size-adjust: initial !important; font-stretch: initial !important; font-style: initial !important; font-variation-settings: initial !important; font-weight: inherit !important; line-height: initial !important; math-depth: initial !important; dominant-baseline: initial !important; image-orientation: initial !important; image-rendering: initial !important; print-color-adjust: initial !important; text-orientation: inherit !important; visibility: inherit !important; writing-mode: inherit !important; color-interpolation: initial !important; color-interpolation-filters: initial !important; paint-order: initial !important; shape-rendering: initial !important; stroke-linecap: initial !important; stroke-linejoin: initial !important; text-anchor: initial !important; clip-rule: initial !important; fill-rule: initial !important; stroke-dasharray: initial !important; stroke-dashoffset: initial !important; stroke-width: initial !important; fill: initial !important; stroke: initial !important; fill-opacity: initial !important; stroke-opacity: initial !important; marker: initial !important; stroke-miterlimit: initial !important; border-collapse: initial !important; caption-side: initial !important; empty-cells: initial !important; border-spacing: initial !important; forced-color-adjust: initial !important; hyphens: initial !important; line-break: initial !important; -moz-text-size-adjust: initial !important; overflow-wrap: initial !important; ruby-align: initial !important; ruby-position: initial !important; text-align: inherit !important; text-align-last: initial !important; text-autospace: initial !important; text-combine-upright: initial !important; text-decoration-skip-ink: initial !important; text-emphasis-position: initial !important; text-justify: initial !important; text-rendering: initial !important; text-transform: initial !important; text-underline-position: initial !important; text-wrap: initial !important; -webkit-text-security: initial !important; white-space: initial !important; word-break: initial !important; color: inherit !important; hyphenate-character: initial !important; hyphenate-limit-chars: initial !important; letter-spacing: initial !important; tab-size: initial !important; text-emphasis: initial !important; text-indent: initial !important; text-shadow: initial !important; text-underline-offset: initial !important; -webkit-text-stroke: initial !important; word-spacing: initial !important; -webkit-text-fill-color: unset !important; pointer-events: initial !important; accent-color: initial !important; caret-color: initial !important; color-scheme: initial !important; cursor: inherit !important; scrollbar-color: initial !important; list-style: initial !important; quotes: initial !important; overflow-clip-margin: initial !important; margin: 5px !important; scroll-margin: initial !important; outline: initial !important; outline-offset: initial !important; padding-bottom: 5px !important; padding-left: initial !important; padding-right: initial !important; padding-top: initial !important; scroll-padding: initial !important; page: initial !important; align-items: center !important; box-sizing: border-box !important; flex-flow: wrap !important; grid: initial !important; justify-items: initial !important; object-fit: initial !important; position-area: initial !important; position-try: initial !important; position-visibility: initial !important; align-content: initial !important; justify-content: flex-start !important; align-self: stretch !important; justify-self: initial !important; aspect-ratio: initial !important; flex-basis: initial !important; position-anchor: initial !important; z-index: initial !important; object-position: initial !important; gap: 2px !important; order: initial !important; contain-intrinsic-size: initial !important; grid-area: initial !important; max-height: initial !important; max-width: initial !important; flex-grow: initial !important; flex-shrink: 1 !important; inset: initial !important; height: initial !important; min-height: initial !important; min-width: initial !important; width: 100% !important; mask-type: initial !important; vector-effect: initial !important; clip-path: initial !important; d: initial !important; mask: initial !important; cx: initial !important; cy: initial !important; x: initial !important; y: initial !important; flood-opacity: initial !important; stop-opacity: initial !important; r: initial !important; rx: initial !important; ry: initial !important; flood-color: initial !important; lighting-color: initial !important; stop-color: initial !important; table-layout: initial !important; text-decoration: initial !important; text-decoration-inset: initial !important; text-overflow: initial !important; field-sizing: initial !important; ime-mode: initial !important; scrollbar-width: initial !important; user-select: initial !important; -moz-force-broken-image-icon: initial !important; animation-composition: initial !important; animation: initial !important; transition: initial !important; view-transition-class: initial !important; view-transition-name: initial !important; -moz-box-align: initial !important; -moz-box-direction: initial !important; -moz-box-orient: initial !important; -moz-box-pack: initial !important; -moz-box-ordinal-group: initial !important; -moz-box-flex: initial !important; direction: inherit !important;" class="goog-rentries"><div style="border-block-style: initial !important; border-inline: initial !important; border-end-end-radius: initial !important; border-end-start-radius: initial !important; border-start-end-radius: initial !important; border-start-start-radius: initial !important; border-block-width: initial !important; border-block-color: initial !important; overflow-block: initial !important; overflow-inline: initial !important; overscroll-behavior-block: initial !important; overscroll-behavior-inline: initial !important; margin-block: initial !important; margin-inline: initial !important; scroll-margin-block: initial !important; scroll-margin-inline: initial !important; padding-block: initial !important; padding-inline-end: initial !important; scroll-padding-block: initial !important; scroll-padding-inline: initial !important; contain-intrinsic-block-size: initial !important; contain-intrinsic-inline-size: initial !important; max-block-size: initial !important; max-inline-size: initial !important; inset-block: initial !important; inset-inline: initial !important; block-size: initial !important; inline-size: initial !important; min-block-size: initial !important; min-inline-size: initial !important; background-attachment: initial !important; background-blend-mode: initial !important; background-clip: initial !important; background-image: initial !important; background-origin: initial !important; background-position: initial !important; background-repeat: initial !important; background-size: initial !important; background-color: rgb(232, 240, 254) !important; border-image: initial !important; box-decoration-break: initial !important; -moz-float-edge: initial !important; border-bottom-style: solid !important; border-left-style: initial !important; border-right-style: initial !important; border-top: initial !important; border-bottom-left-radius: initial !important; border-bottom-right-radius: initial !important; border-top-left-radius: 4px !important; border-top-right-radius: 4px !important; border-bottom-width: 1px !important; border-left-width: initial !important; border-right-width: initial !important; border-bottom-color: rgb(218, 220, 224) !important; border-left-color: initial !important; border-right-color: initial !important; vertical-align: initial !important; backface-visibility: initial !important; break-inside: initial !important; clear: initial !important; contain: initial !important; container: initial !important; content-visibility: initial !important; display: flex !important; float: initial !important; isolation: initial !important; -moz-orient: initial !important; overflow-anchor: initial !important; position: initial !important; resize: initial !important; scroll-behavior: initial !important; scroll-snap-align: initial !important; scroll-snap-stop: initial !important; scroll-snap-type: initial !important; scrollbar-gutter: initial !important; touch-action: initial !important; transform-box: initial !important; transform-style: initial !important; appearance: initial !important; break-after: initial !important; break-before: initial !important; overflow: initial !important; overscroll-behavior: initial !important; anchor-name: initial !important; offset: initial !important; perspective: initial !important; rotate: initial !important; scale: initial !important; shape-outside: initial !important; transform-origin: initial !important; translate: initial !important; -webkit-line-clamp: initial !important; will-change: initial !important; zoom: initial !important; perspective-origin: initial !important; anchor-scope: initial !important; transform: initial !important; shape-image-threshold: initial !important; shape-margin: initial !important; column-fill: initial !important; column-span: initial !important; column-rule: initial !important; columns: initial !important; content: initial !important; counter-increment: initial !important; counter-reset: initial !important; counter-set: initial !important; mix-blend-mode: initial !important; backdrop-filter: initial !important; box-shadow: initial !important; clip: initial !important; filter: initial !important; opacity: initial !important; font-kerning: initial !important; font-language-override: initial !important; font-optical-sizing: initial !important; font-synthesis: initial !important; font-variant: initial !important; math-shift: initial !important; math-style: initial !important; font-family: Google Sans, Roboto, Arial, sans-serif !important; font-feature-settings: initial !important; font-palette: initial !important; font-size: 18px !important; font-size-adjust: initial !important; font-stretch: initial !important; font-style: initial !important; font-variation-settings: initial !important; font-weight: inherit !important; line-height: initial !important; math-depth: initial !important; dominant-baseline: initial !important; image-orientation: initial !important; image-rendering: initial !important; print-color-adjust: initial !important; text-orientation: inherit !important; visibility: inherit !important; writing-mode: inherit !important; color-interpolation: initial !important; color-interpolation-filters: initial !important; paint-order: initial !important; shape-rendering: initial !important; stroke-linecap: initial !important; stroke-linejoin: initial !important; text-anchor: initial !important; clip-rule: initial !important; fill-rule: initial !important; stroke-dasharray: initial !important; stroke-dashoffset: initial !important; stroke-width: initial !important; fill: initial !important; stroke: initial !important; fill-opacity: initial !important; stroke-opacity: initial !important; marker: initial !important; stroke-miterlimit: initial !important; border-collapse: initial !important; caption-side: initial !important; empty-cells: initial !important; border-spacing: initial !important; forced-color-adjust: initial !important; hyphens: initial !important; line-break: initial !important; -moz-text-size-adjust: initial !important; overflow-wrap: initial !important; ruby-align: initial !important; ruby-position: initial !important; text-align: inherit !important; text-align-last: initial !important; text-autospace: initial !important; text-combine-upright: initial !important; text-decoration-skip-ink: initial !important; text-emphasis-position: initial !important; text-justify: initial !important; text-rendering: initial !important; text-transform: initial !important; text-underline-position: initial !important; text-wrap: initial !important; -webkit-text-security: initial !important; white-space: initial !important; word-break: initial !important; color: rgb(74, 74, 74) !important; hyphenate-character: initial !important; hyphenate-limit-chars: initial !important; letter-spacing: initial !important; tab-size: initial !important; text-emphasis: initial !important; text-indent: initial !important; text-shadow: initial !important; text-underline-offset: initial !important; -webkit-text-stroke: initial !important; word-spacing: initial !important; -webkit-text-fill-color: unset !important; pointer-events: initial !important; accent-color: initial !important; caret-color: initial !important; color-scheme: initial !important; cursor: inherit !important; scrollbar-color: initial !important; list-style: initial !important; quotes: initial !important; overflow-clip-margin: initial !important; margin: initial !important; scroll-margin: initial !important; outline: initial !important; outline-offset: initial !important; padding: initial !important; scroll-padding: initial !important; page: initial !important; align-items: center !important; box-sizing: initial !important; flex-direction: row !important; flex-wrap: initial !important; grid: initial !important; justify-items: initial !important; object-fit: initial !important; position-area: initial !important; position-try: initial !important; position-visibility: initial !important; align-content: initial !important; justify-content: flex-start !important; place-self: initial !important; aspect-ratio: initial !important; flex: initial !important; position-anchor: initial !important; z-index: initial !important; object-position: initial !important; gap: initial !important; order: initial !important; contain-intrinsic-size: initial !important; grid-area: initial !important; max-height: initial !important; max-width: initial !important; inset: initial !important; height: 48px !important; min-height: initial !important; min-width: initial !important; width: 100% !important; mask-type: initial !important; vector-effect: initial !important; clip-path: initial !important; d: initial !important; mask: initial !important; cx: initial !important; cy: initial !important; x: initial !important; y: initial !important; flood-opacity: initial !important; stop-opacity: initial !important; r: initial !important; rx: initial !important; ry: initial !important; flood-color: initial !important; lighting-color: initial !important; stop-color: initial !important; table-layout: initial !important; text-decoration: initial !important; text-decoration-inset: initial !important; text-overflow: initial !important; field-sizing: initial !important; ime-mode: initial !important; scrollbar-width: initial !important; user-select: initial !important; -moz-force-broken-image-icon: initial !important; animation-composition: initial !important; animation: initial !important; transition: initial !important; view-transition-class: initial !important; view-transition-name: initial !important; -moz-box-align: initial !important; -moz-box-direction: initial !important; -moz-box-orient: initial !important; -moz-box-pack: initial !important; -moz-box-ordinal-group: initial !important; -moz-box-flex: initial !important; direction: inherit !important; padding-inline-start: 5px !important;"><span style="border-block-style: initial !important; border-inline: initial !important; border-end-end-radius: initial !important; border-end-start-radius: initial !important; border-start-end-radius: initial !important; border-start-start-radius: initial !important; border-block-width: initial !important; border-block-color: initial !important; overflow-block: initial !important; overflow-inline: initial !important; overscroll-behavior-block: initial !important; overscroll-behavior-inline: initial !important; margin-block: initial !important; margin-inline: initial !important; scroll-margin-block: initial !important; scroll-margin-inline: initial !important; padding-block: initial !important; padding-inline-end: initial !important; scroll-padding-block: initial !important; scroll-padding-inline: initial !important; contain-intrinsic-block-size: initial !important; contain-intrinsic-inline-size: initial !important; max-block-size: initial !important; max-inline-size: initial !important; inset-block: initial !important; inset-inline: initial !important; block-size: initial !important; inline-size: initial !important; min-block-size: initial !important; min-inline-size: initial !important; background: initial !important; background-blend-mode: initial !important; border: initial !important; box-decoration-break: initial !important; -moz-float-edge: initial !important; border-radius: 2px !important; vertical-align: initial !important; backface-visibility: initial !important; break-inside: initial !important; clear: initial !important; contain: initial !important; container: initial !important; content-visibility: initial !important; display: initial !important; float: initial !important; isolation: initial !important; -moz-orient: initial !important; overflow-anchor: initial !important; position: initial !important; resize: initial !important; scroll-behavior: initial !important; scroll-snap-align: initial !important; scroll-snap-stop: initial !important; scroll-snap-type: initial !important; scrollbar-gutter: initial !important; touch-action: initial !important; transform-box: initial !important; transform-style: initial !important; appearance: initial !important; break-after: initial !important; break-before: initial !important; overflow: initial !important; overscroll-behavior: initial !important; anchor-name: initial !important; offset: initial !important; perspective: initial !important; rotate: initial !important; scale: initial !important; shape-outside: initial !important; transform-origin: initial !important; translate: initial !important; -webkit-line-clamp: initial !important; will-change: initial !important; zoom: initial !important; perspective-origin: initial !important; anchor-scope: initial !important; transform: initial !important; shape-image-threshold: initial !important; shape-margin: initial !important; column-fill: initial !important; column-span: initial !important; column-rule: initial !important; columns: initial !important; content: initial !important; counter-increment: initial !important; counter-reset: initial !important; counter-set: initial !important; mix-blend-mode: initial !important; backdrop-filter: initial !important; box-shadow: initial !importan
[...]
	      <h2 class="right_h2">Popular Calculators<span class="right_h2_arrow sprite-li_hd_bg_a"></span></h2>
	      <ul>
		<li><a href="//www.easycalculation.com/differentiation/derivative-calculator.php">Derivative Calculator</a></li>
		    <li><a href="//www.easycalculation.com/matrix/matrix-inverse.php">Inverse of Matrix Calculator</a></li>
		    <li><a href="//www.easycalculation.com/compound-interest.php">Compound Interest Calculator</a></li>
		    <li><a href="//www.easycalculation.com/health/pregnancy.php">Pregnancy Calculator Online</a></li>	      </ul>
	      </div>
	      <!-- right_menu_box ends -->
	     <div class="clearfix"></div>     
	    <div class="paddingTop"></div>
	      <!-- right_menu_box begins -->
	      <div class="right_menu_box" id="topcaterightbox" onclick="showhidetopcate(this)">
	      <h2 class="right_h2">Top Categories<span class="right_h2_arrow sprite-li_hd_bg_a"></span></h2>
	      <ul>
		<li><a href="//www.easycalculation.com/algebra/algebra.php"><span class="sprite-right_ar1"></span>Algebra</a></li><li><a href="//www.easycalculation.com/analytical/analytical.php"><span class="sprite-right_ar1"></span>Analytical</a></li><li><a href="//www.easycalculation.com/date-day/dates.php"><span class="sprite-right_ar1"></span>Date Day</a></li><li><a href="//www.easycalculation.com/finance/finance.php"><span class="sprite-right_ar1"></span>Finance</a></li><li><a href="//www.easycalculation.com/health/health.php"><span class="sprite-right_ar1"></span>Health</a></li><li><a href="//www.easycalculation.com/mortgage/mortgage.php"><span class="sprite-right_ar1"></span>Mortgage</a></li><li><a href="//www.easycalculation.com/numbers.php"><span class="sprite-right_ar1"></span>Numbers</a></li><li><a href="//www.easycalculation.com/physics/physics.php"><span class="sprite-right_ar1"></span>Physics</a></li><li><a href="//www.easycalculation.com/statistics/statistics.php"><span class="sprite-right_ar1"></span>Statistics</a></li>		<div class="general_list2_more"><a href="//www.easycalculation.com/calculators.php">More</a> </div>
	      </ul>
	      </div>
	      <!-- right_menu_box ends -->
	     <div class="clearfix"></div>
    <br>
  </div>
  <!-- content_right ends -->
    <div align="center">
     <style>
    .easycal-300-250-responsive2-mob { width: 300px; height: 250px; display:inline-block; }
    @media(min-width: 500px) { .easycal-300-250-responsive2-mob { display:none; } }
    </style>
       <script async="" src="//pagead2.googlesyndication.com/pagead/js/adsbygoogle.js"></script>
        <!-- easycal-300-250-responsive2-mob -->
        <ins class="adsbygoogle easycal-300-250-responsive2-mob" data-ad-client="ca-pub-5279176980875369" data-ad-slot="3140091333" data-adsbygoogle-status="done" style="width: 300px; height: 250px;"><!--No ad requested because of display:none on the adsbygoogle tag--></ins>
        <script>
        (adsbygoogle = window.adsbygoogle || []).push({});
        </script> 
</div>
</div>
<!-- content ends -->

<script type="text/javascript">
	var chf_rss=true;
	function getPathFromUrl(url){return url.split("?")[0];}
	var curUrl = window.location.pathname; 
	var basName = curUrl.replace(/^.*[\/\\]/g, '');
	var curencyIndx = false;
</script>

<script type="text/javascript">
        var totaLoop=0;
        // Add a script element as a child of the body
        var dfLoadStatus = 0;
        var dfLoadFiles = [];
	if(getPathFromUrl(window.location.href) == "https://www.easycalculation.com/index.php" || getPathFromUrl(window.location.href) == "https://www.easycalculation.com/")
	{
		curencyIndx = true;
		dfLoadFiles.push(["currency-converter/currency-converter.js"]);
	}
		
function downloadJSAtOnload()
{ 
    if (!dfLoadFiles.length) return;

    var dfGroup = dfLoadFiles.shift();
    dfLoadStatus = 0;

    for(var i = 0; i<dfGroup.length; i++)
    {
        dfLoadStatus++;
        var element = document.createElement('script');
        element.src = "https://www.easycalculation.com/"+dfGroup[i];
        element.onload = element.onreadystatechange = function() {
        if ( ! this.readyState || this.readyState == 'complete' || this.readyState == 'loaded') {
            dfLoadStatus--;
            if (dfLoadStatus==0) downloadJSAtOnload();
        }
    };
    document.body.appendChild(element);
    totaLoop++;
  }
  if (i == dfGroup.length-1)
  {
  	if(getPathFromUrl(window.location.href) == "https://www.easycalculation/index.php" || getPathFromUrl(window.location.href) == "https://www.easycalculation.com/")
	{
		dfLoadFiles.push(["currency-converter/currency-converter.js"]);
		currency_calc();
	}
  }
}

// Check for browser support of event handling capability
if (window.addEventListener)
window.addEventListener("load", downloadJSAtOnload, false);
else if (window.attachEvent)
window.attachEvent("onload", downloadJSAtOnload);
else window.onload = downloadJSAtOnload;

</script>
	<script src="https://www.easycalculation.com/js/jquery.min.js?v0.4"></script>
<script src="https://www.easycalculation.com/common.js?v5.9"></script>
<script src="https://www.easycalculation.com/js/jquery.sticky.js?v0.1"></script>
<!--script src='//www.easycalculation.com/fact-slider.js'></script-->

<script type="text/javascript">
    var chf_sess = "";
    var chf_sess_mail = "";
    var chf_sess_mobile = "";
</script>


<link href="//www.easycalculation.com/commoncode/footer/chf_style.min.css?v0.8.1" rel="stylesheet" type="text/css">
<!--script type="text/javascript" src="//www.easycalculation.com/commoncode/footer/chf_script.js?v.1"></script-->
<script type="text/javascript">
	var fv='?v6.8';
	window.addEventListener('load', 
  	function() { 
	   	var homeurl="//www.easycalculation.com/commoncode/footer";
	    	var tag1 = document.createElement("script");
		tag1.src = homeurl+'/chf_script.js'+fv;
	  	document.getElementsByTagName("head")[0].appendChild(tag1);
   	}, false);

</script>

<script type="text/javascript">
	var mobiScrnWidth = $(window).width();
	function showhidetopcate(obj) {if (mobiScrnWidth < 480){var currightid = obj.id;if(currightid == "topcaterightbox") {$("#popcalcrightbox ul").hide();}else if(currightid == "popcalcrightbox") {$("#topcaterightbox ul").hide();}$("#"+currightid+" ul").show();}}
	$(document).ready(function(){if (mobiScrnWidth < 480){$("#popcalcrightbox ul").hide();$("#topcaterightbox ul").hide();}});
</script>


<ins class="adsbygoogle adsbygoogle-noablate" data-ad-hi="true" data-adsbygoogle-status="done" style="display: none !important;"><div id="aswift_0_host" style="border-width: medium; border-style: none; border-color: currentcolor; border-image: none; height: 0px; width: 0px; margin: 0px; padding: 0px; position: relative; visibility: visible; background-color: transparent; display: inline-block;"><iframe id="aswift_0" name="aswift_0" style="left:0;position:absolute;top:0;border:0;width:undefinedpx;height:undefinedpx;min-height:auto;max-height:none;min-width:auto;max-width:none;" sandbox="allow-forms allow-popups allow-popups-to-escape-sandbox allow-same-origin allow-scripts allow-top-navigation-by-user-activation" frameborder="0" marginwidth="0" marginheight="0" vspace="0" hspace="0" allowtransparency="true" scrolling="no" allow="attribution-reporting; run-ad-auction" src="https://googleads.g.doubleclick.net/pagead/ads?client=ca-pub-5279176980875369&amp;output=html&amp;adk=1812271804&amp;adf=3025194257&amp;abgtt=9&amp;lmt=1784610730&amp;plat=3%3A2162688%2C4%3A2162688%2C9%3A32776%2C16%3A8388608%2C17%3A32%2C24%3A32%2C25%3A32%2C30%3A1048576%2C32%3A32%2C41%3A32%2C42%3A32%2C43%3A32%2C44%3A32&amp;format=0x0&amp;url=https%3A%2F%2Fwww.easycalculation.com%2Fsearch.php%3Fcx%3Dpartner-pub-5279176980875369%253A8996050927%26cof%3DFORID%253A10%26ie%3DUTF-8%26q%3DBangalore&amp;pra=5&amp;aiof=10&amp;asro=0&amp;aimartd=4&amp;aieuf=1&amp;aicrs=1&amp;uach=WyJXaW5kb3dzIiwiMTkuMC4wIiwieDg2IiwiIiwiMTUwLjAuNDA3OC44MyIsbnVsbCwwLG51bGwsIjY0IixbWyJOb3Q7QT1CcmFuZCIsIjguMC4wLjAiXSxbIkNocm9taXVtIiwiMTUwLjAuNzg3MS4xMjkiXSxbIk1pY3Jvc29mdCBFZGdlIiwiMTUwLjAuNDA3OC44MyJdXSwwXQ..&amp;dt=1784610730615&amp;bpp=2&amp;bdt=356&amp;idt=8&amp;shv=r20260720&amp;mjsv=m202607160101&amp;ptt=9&amp;saldr=aa&amp;abxe=1&amp;cookie=ID%3D5402c7dcc4649d54%3AT%3D1784610724%3ART%3D1784610724%3AS%3DALNI_MZAh88PHR4XgjvO1ZY5tA-idpLYzg&amp;gpic=UID%3D000014ced708b3d6%3AT%3D1784610724%3ART%3D1784610724%3AS%3DALNI_MatRBWRStrNkkhMQrXBsB245gN1_g&amp;eo_id_str=ID%3D263e51794dbe7c78%3AT%3D1784610724%3ART%3D1784610724%3AS%3DAA-AfjZ6hqYv06EASDhxyidXjzcO&amp;nras=1&amp;correlator=6339874883145&amp;frm=20&amp;pv=2&amp;u_tz=330&amp;u_his=3&amp;u_h=800&amp;u_w=1280&amp;u_ah=800&amp;u_aw=1280&amp;u_cd=24&amp;u_sd=1.5&amp;dmc=16&amp;adx=-12245933&amp;ady=-12245933&amp;biw=1013&amp;bih=627&amp;scr_x=0&amp;scr_y=0&amp;eid=95396101%2C95396138%2C95396568%2C95393484&amp;oid=2&amp;pvsid=1356330856049387&amp;tmod=1248886586&amp;uas=1&amp;nvt=1&amp;fsapi=1&amp;ref=https%3A%2F%2Fwww.easycalculation.com%2F&amp;fc=1920&amp;brdim=10%2C10%2C10%2C10%2C1280%2C0%2C1050%2C780%2C1028%2C642&amp;vis=1&amp;rsz=%7C%7Cs%7C&amp;abl=NS&amp;fu=33792&amp;bc=31&amp;bz=1.02&amp;ifi=1&amp;uci=a!1&amp;fsb=1&amp;dtd=13" data-google-container-id="a!1" tabindex="0" title="Advertisement" aria-label="Advertisement" data-load-complete="true"></iframe></div></ins><iframe name="googlefcPresent" style="display: none; width: 0px; height: 0px; border-width: medium; border-style: none; border-color: currentcolor; border-image: none; z-index: -1000; left: -1000px; top: -1000px;"></iframe><ins class="adsbygoogle adsbygoogle-noablate" data-adsbygoogle-status="done" data-anchor-status="ready-to-display" data-ad-status="filled" style="display: block; bottom: -17.6517px; clear: none !important; float: none !important; height: 95px; left: 50%; margin: 0px !important; max-height: none !important; max-width: none !important; opacity: 1; overflow: visible !important; padding: 0px !important; position: fixed; right: auto !important; top: auto !important; vertical-align: baseline !important; visibility: visible !important; width: auto; z-index: 2147483643; transform: translateX(-50%); box-shadow: rgba(0, 0, 0, 0.5) 0px -4px 12px -4px, rgba(0, 0, 0, 0.3) 0px 4px 8px -3px; border-radius: 5px; background: rgb(250, 250, 250) !important;"><div class="grippy-host"></div><div id="aswift_2_host" style="border-width: medium !important; border-style: none !important; border-color: currentcolor !important; border-image: none !important; height: 90px; width: 728px !important; margin: 0px !important; padding: 0px !important; position: relative !important; visibility: visible !important; background-color: transparent !important; display: inline-block !important; inset: auto !important; clear: none !important; float: none !important; max-height: none !important; max-width: none !important; opacity: 1 !important; overflow: visible !important; vertical-align: baseline !important; z-index: auto !important;"><iframe id="aswift_2" name="aswift_2" style="min-height: auto; max-height: none; min-width: auto; max-width: none; width: 728px !important; height: 90px !important; display: block; margin: 0px auto;" sandbox="allow-forms allow-popups allow-popups-to-escape-sandbox allow-same-origin allow-scripts allow-top-navigation-by-user-activation" width="728" height="90" frameborder="0" marginwidth="0" marginheight="0" vspace="0" hspace="0" allowtransparency="true" scrolling="no" allow="attribution-reporting; run-ad-auction" src="https://googleads.g.doubleclick.net/pagead/html/r20260720/r20190131/zrt_lookup_fy2021.html#RS-1-&amp;adk=1812271801&amp;client=ca-pub-5279176980875369&amp;fa=1&amp;ifi=3&amp;uci=a!3&amp;btvi=1" data-google-container-id="a!3" tabindex="0" title="Advertisement" aria-label="Advertisement" data-google-query-id="CL_Y1ISB45UDFU9znQkdBCobbA" data-load-complete="true"></iframe></div></ins><iframe name="__tcfapiLocator" src="about:blank" style="display: none; width: 0px; height: 0px; border-width: medium; border-style: none; border-color: currentcolor; border-image: none; z-index: -1000; left: -1000px; top: -1000px;"></iframe><iframe name="googlefcInactive" src="about:blank" style="display: none; width: 0px; height: 0px; border-width: medium; border-style: none; border-color: currentcolor; border-image: none; z-index: -1000; left: -1000px; top: -1000px;"></iframe><iframe name="googlefcLoaded" src="about:blank" style="display: none; width: 0px; height: 0px; border-width: medium; border-style: none; border-color: currentcolor; border-image: none; z-index: -1000; left: -1000px; top: -1000px;"></iframe><div class="yls-sponlink square-sponsorship sb-ad2 wahAd adblade" style="width: 1px; height: 1px; position: absolute; left: -10000px; top: -10000px;"></div><div class="clear"></div><div id="add" style="position: fixed;bottom: -4px;z-index: 100;width:100%;"></div><div class="cmn_site_footer chf_clearfix"><div class="cmn_footer_content"><div class="cmn_terms csf_left csf_mobile"><a title="Sitemap" href="https://www.easycalculation.com/sitemap.xml"><span class="chf_sitemap"></span></a><span class="chf_rss1" style="display: inline;">|</span><a title="Rss" class="chf_rss" href="https://www.easycalculation.com/rss.xml" style="display: inline;"><span class="chf_rssfeed"></span></a>|<a title="Terms" href="https://www.easycalculation.com/terms.php"><span class="chf_terms"></span></a>|<a title="Privacy" href="https://www.easycalculation.com/privacy.php"><span class="chf_privacy"></span></a>|<a href="https://www.easycalculation.com/contact-us.php" title="Contact">Contact</a></div><div class="cmn_terms csf_left csf_desktop"><a href="https://www.easycalculation.com/contact-us.php" title="Contact">Contact</a>||<a title="Privacy" href="https://www.easycalculation.com/privacy.php"><span class="chf_privacy"></span></a>||<a title="Terms" href="https://www.easycalculation.com/terms.php"><span class="chf_terms"></span></a>||<a title="Rss" class="chf_rss" href="https://www.easycalculation.com/rss.xml" style="display: inline;"><span class="chf_rssfeed"></span></a><span class="chf_rss1" style="display: inline;">||</span><a title="Sitemap" href="https://www.easycalculation.com/sitemap.xml"><span class="chf_sitemap"></span></a></div><div class="cmn_terms csf_right"><a href="https://www.hioxindia.com" target="_blank" title="Web Hosting">Web Hosting</a> by Hiox India</div></div></div><div id="showhide" class="sticky_footer" style="display:none;"></div><div class="common_footer"><div class="common_footer_content"><ul class="f_left" onmouseenter="get_div('list');"><li><span class="sprite-001-menu"></span><ul class="common_footer_megamenu"><div class="common_footer_sitelist" id="common_footer_sitelist"><div id="chf_load_site" style="display:block;padding-left:45%;padding-top:8%;">Loading...</div></div></ul></li><li><div class="common_footer_adver"><a href="javascript:void(0)">Hiox</a></div><ul class="common_footer_megamenu"><div class="common_footer_sitelist" id="common_footer_sitelist"><div id="chf_load_site" style="display:block;padding-left:45%;padding-top:8%;">Loading...</div></div></ul></li></ul><div class="common_footer_promo" id="common_footer_promo"><div class="chf_hiox_special chf_clearfix" id="chf_hiox_special_div_id"><div><div class="chf_hiox_special_d"><a href="https://www.hiox.com" target="_blank"><img src="https://www.easycalculation.com/commoncode/footer/promo/hiox-cloud-banner.gif" style="width:100px;height:30px;margin-top:5px;" border="0" title="Hiox Cloud" alt="Hiox"></a><input type="hidden" id="chf_time_0" value="4000"></div><div class="chf_hiox_special_m"><a href="https://www.hiox.com" target="_blank"><img src="https://www.easycalculation.com/commoncode/footer/promo/hiox-cloud-banner.gif" style="width:100px;height:30px;" border="0" title="Hiox Cloud" alt="Hiox"></a><input type="hidden" id="chf_time_m_0" value="4000"></div></div></div></div><ul class="f_right r_hide"><div class="mob_form clearfix" id="mob_form"></div><li onmouseenter="get_div('form_issue');"><span class="sprite-002-report"></span><ul><div class="common_footer_form" id="common_footer_form_issue" style="display:none;"><div id="chf_load" style="display:block;padding-left:45%;padding-top:8%;">Loading...</div></div></ul></li><li onmouseenter="get_div('form');"><span class="sprite-003-subscribe"></span><ul><div class="common_footer_form" id="common_footer_form_sub" style="display:none;"><div id="chf_load" style="display:block;padding-left:45%;padding-top:8%;">Loading...</div></div></ul></li><li id="download_app" style="display:none" onclick="app_subscribe()"><span class="sprite-025-android"></span></li><li onmouseenter="get_div('social_link');"><span class="sprite-004-facebook"></span><span class="sprite-005-whatsapp"></span><ul><div class="common_footer_social" id="common_footer_social"><div id="chf_load" style="display:block;padding-left:45%;padding-top:8%;">Loading...</div></div></ul></li></ul></div></div></body><iframe id="google_esf" name="google_esf" src="https://googleads.g.doubleclick.net/pagead/html/r20260720/r20190131/zrt_lookup_fy2021.html" style="display: none;"></iframe><ins class="adsbygoogle adsbygoogle-noablate" data-adsbygoogle-status="done" style="display: none !important; width: 100vw !important; height: 100vh !important; inset: 0px auto auto 0px !important; clear: none !important; float: none !important; margin: 0px !important; max-height: none !important; max-width: none !important; opacity: 1 !important; overflow: visible !important; padding: 0px !important; position: fixed !important; vertical-align: baseline !important; visibility: visible !important; z-index: 2147483647 !important; background: transparent !important;" aria-hidden="true" data-ad-status="filled" data-vignette-loaded="true"><div id="aswift_1_host" style="border-width: medium !important; border-style: none !important; border-color: currentcolor !important; border-image: none !important; height: 100vh !important; width: 100vw !important; margin: 0px !important; padding: 0px !important; position: relative !important; visibility: visible !important; background-color: transparent !important; display: inline-block !important; inset: auto !important; clear: none !important; float: none !important; max-height: none !important; max-width: none !important; opacity: 1 !important; overflow: visible !important; vertical-align: baseline !important; z-index: auto !important;"><iframe id="aswift_1" name="aswift_1" style="min-height: auto !important; max-height: none !important; min-width: auto !important; max-width: none !important; width: 100vw !important; height: 100vh !important; inset: 0px auto auto 0px !important; position: absolute !important; clear: none !important; display: inline !important; float: none !important; margin: 0px !important; opacity: 1 !important; overflow: visible !important; padding: 0px !important; vertical-align: baseline !important; visibility: visible !important; z-index: auto !important;" sandbox="allow-forms allow-popups allow-popups-to-escape-sandbox allow-same-origin allow-scripts allow-top-navigation-by-user-activation" width="" height="" frameborder="0" marginwidth="0" marginheight="0" vspace="0" hspace="0" allowtransparency="true" scrolling="no" allow="attribution-reporting; run-ad-auction" src="https://googleads.g.doubleclick.net/pagead/html/r20260720/r20190131/zrt_lookup_fy2021.html#RS-0-&amp;adk=1812271808&amp;client=ca-pub-5279176980875369&amp;fa=8&amp;ifi=2&amp;uci=a!2" data-google-container-id="a!2" tabindex="0" title="Advertisement" aria-label="Advertisement" data-google-query-id="CL7Y1ISB45UDFU9znQkdBCobbA" data-load-complete="true"></iframe></div></ins></html>
Page Source Length : 35928
]]></system-out>
    <system-err><![CDATA[Jul 21, 2026 10:42:04 AM org.openqa.selenium.devtools.CdpVersionFinder findNearestMatch
WARNING: Unable to find an exact match for CDP version 150, returning the closest version; found: 148; Please update to a Selenium version that supports CDP version 150
]]></system-err>
  </testcase>
</testsuite>