<?xml version="1.0" encoding="UTF-8"?>
<testng-results ignored="0" total="3" passed="3" failed="0" skipped="0">
  <reporter-output>
  </reporter-output>
  <suite started-at="2026-07-21T10:41:37 IST" name="Surefire suite" finished-at="2026-07-21T10:42:12 IST" duration-ms="34935">
    <groups>
    </groups>
    <test started-at="2026-07-21T10:41:37 IST" name="Surefire test" finished-at="2026-07-21T10:42:12 IST" duration-ms="34935">
      <class name="com.jenkinsCICDDemoTest.jenkinsCICDTest">
        <test-method signature="chromeBrowserCommands()[pri:0, instance:com.jenkinsCICDDemoTest.jenkinsCICDTest@5ace1ed4]" started-at="2026-07-21T10:41:37 IST" name="chromeBrowserCommands" finished-at="2026-07-21T10:41:47 IST" duration-ms="10280" status="PASS">
          <reporter-output>
          </reporter-output>
        </test-method> <!-- chromeBrowserCommands -->
        <test-method signature="firefoxBrowserCommands()[pri:1, instance:com.jenkinsCICDDemoTest.jenkinsCICDTest@5ace1ed4]" started-at="2026-07-21T10:41:47 IST" name="firefoxBrowserCommands" finished-at="2026-07-21T10:42:03 IST" duration-ms="15418" status="PASS">
          <reporter-output>
          </reporter-output>
        </test-method> <!-- firefoxBrowserCommands -->
        <test-method signature="edgeBrowserCommands()[pri:2, instance:com.jenkinsCICDDemoTest.jenkinsCICDTest@5ace1ed4]" started-at="2026-07-21T10:42:03 IST" name="edgeBrowserCommands" finished-at="2026-07-21T10:42:12 IST" duration-ms="9112" status="PASS">
          <reporter-output>
          </reporter-output>
        </test-method> <!-- edgeBrowserCommands -->
      </class> <!-- com.jenkinsCICDDemoTest.jenkinsCICDTest -->
    </test> <!-- Surefire test -->
  </suite> <!-- Surefire suite -->
</testng-results>
