<?xml version="1.0" encoding="UTF-8"?>
<!-- Generated by org.testng.reporters.JUnitReportReporter -->
<testsuite hostname="LAPTOP-GJ537S6H" failures="0" tests="3" name="com.jenkinsCICDDemoTest.CaseStudy4" time="14.863" errors="0" timestamp="2026-07-20T16:05:09 IST" skipped="0">
  <testcase classname="com.jenkinsCICDDemoTest.CaseStudy4" name="firefoxBrowserCommands" time="4.596"/>
  <testcase classname="com.jenkinsCICDDemoTest.CaseStudy4" name="chromeBrowserCommands" time="6.752"/>
  <testcase classname="com.jenkinsCICDDemoTest.CaseStudy4" name="edgeBrowserCommands" time="3.515"/>
</testsuite> <!-- com.jenkinsCICDDemoTest.CaseStudy4 -->
