<?xml version="1.0" encoding="UTF-8"?>
<!-- Generated by org.testng.reporters.JUnitReportReporter -->
<testsuite hostname="LAPTOP-GJ537S6H" failures="0" tests="3" name="Task70Assure.BrowserCommands" time="43.374" errors="0" timestamp="2026-07-14T22:29:36 IST" skipped="0">
  <testcase classname="Task70Assure.BrowserCommands" name="FirefoxTest" time="22.051"/>
  <testcase classname="Task70Assure.BrowserCommands" name="EdgeTest" time="11.330"/>
  <testcase classname="Task70Assure.BrowserCommands" name="chromeTest" time="9.993"/>
</testsuite> <!-- Task70Assure.BrowserCommands -->
