<?xml version="1.0" encoding="UTF-8"?>
<!-- Generated by org.testng.reporters.JUnitReportReporter -->
<testsuite hostname="LAPTOP-GJ537S6H" failures="0" tests="3" name="com.Task60.CaseStudy3" time="24.916" errors="0" timestamp="2026-07-16T00:15:01 IST" skipped="0">
  <testcase classname="com.Task60.CaseStudy3" name="chromeBrowserCommands" time="7.440"/>
  <testcase classname="com.Task60.CaseStudy3" name="firefoxBrowserCommands" time="9.865"/>
  <testcase classname="com.Task60.CaseStudy3" name="edgeBrowserCommands" time="7.611"/>
</testsuite> <!-- com.Task60.CaseStudy3 -->
