<?xml version="1.0" encoding="UTF-8"?>
<!-- Generated by org.testng.reporters.JUnitReportReporter -->
<testsuite hostname="LAPTOP-GJ537S6H" failures="0" tests="3" name="WebdriverrComment.Browsercommands" time="23.149" errors="0" timestamp="2026-07-14T15:58:43 IST" skipped="0">
  <testcase classname="WebdriverrComment.Browsercommands" name="EdgeBrowserTest" time="6.081"/>
  <testcase classname="WebdriverrComment.Browsercommands" name="FirefoxBrowserTest" time="12.875"/>
  <testcase classname="WebdriverrComment.Browsercommands" name="chromebrowsertest" time="4.193"/>
</testsuite> <!-- WebdriverrComment.Browsercommands -->
