<?xml version="1.0" encoding="UTF-8"?>
<!-- Generated by org.testng.reporters.JUnitXMLReporter -->
<testsuite ignored="0" hostname="LAPTOP-GJ537S6H" failures="0" tests="3" name="Default test" time="24.946" errors="0" timestamp="2026-07-16T00:15:01 IST">
  <testcase classname="com.Task60.CaseStudy3" name="chromeBrowserCommands" time="7.44"/>
  <testcase classname="com.Task60.CaseStudy3" name="edgeBrowserCommands" time="7.611"/>
  <testcase classname="com.Task60.CaseStudy3" name="firefoxBrowserCommands" time="9.865"/>
</testsuite> <!-- Default test -->
