<?xml version="1.0" encoding="UTF-8"?>
<!-- Generated by org.testng.reporters.JUnitReportReporter -->
<testsuite hostname="LAPTOP-GJ537S6H" failures="0" tests="3" name="WebdriverrComment.CheckExpectedValue" time="22.273" errors="0" timestamp="2026-07-14T16:22:55 IST" skipped="0">
  <testcase classname="WebdriverrComment.CheckExpectedValue" name="FirefoxBrowserTest" time="11.419"/>
  <testcase classname="WebdriverrComment.CheckExpectedValue" name="EdgeBrowserTest" time="4.913"/>
  <testcase classname="WebdriverrComment.CheckExpectedValue" name="ChromeBrowserTest" time="5.941"/>
</testsuite> <!-- WebdriverrComment.CheckExpectedValue -->
