<?xml version="1.0" encoding="UTF-8"?>
<!-- Generated by org.testng.reporters.JUnitXMLReporter -->
<testsuite ignored="0" hostname="LAPTOP-GJ537S6H" failures="0" tests="12" name="Default test" time="75.325" errors="0" timestamp="2026-07-15T23:12:42 IST">
  <testcase classname="NavigationTest.NavigationTest" name="NavigationBack2" time="25.56"/>
  <testcase classname="NavigationTest.NavigationTest" name="NavigationBack3" time="5.588"/>
  <testcase classname="NavigationTest.NavigationTest" name="NavigationForword2" time="6.552"/>
  <testcase classname="NavigationTest.NavigationTest" name="NavigationForword3" time="4.134"/>
  <testcase classname="NavigationTest.NavigationTest" name="NavigationRefresh2" time="6.668"/>
  <testcase classname="NavigationTest.NavigationTest" name="NavigationRefresh3" time="4.498"/>
  <testcase classname="NavigationTest.NavigationTest" name="edgeTest" time="2.864"/>
  <testcase classname="NavigationTest.NavigationTest" name="firefoxTest" time="4.646"/>
  <testcase classname="NavigationTest.NavigationTest" name="chromeTest" time="2.588"/>
  <testcase classname="NavigationTest.NavigationTest" name="NavigationBack" time="3.447"/>
  <testcase classname="NavigationTest.NavigationTest" name="NavigationForword" time="4.483"/>
  <testcase classname="NavigationTest.NavigationTest" name="NavigationRefresh" time="4.24"/>
</testsuite> <!-- Default test -->
