<?xml version="1.0" encoding="UTF-8"?>
<testng-results ignored="0" total="1" passed="1" failed="0" skipped="0">
  <reporter-output>
  </reporter-output>
  <suite started-at="2026-07-19T16:00:30 IST" name="Default suite" finished-at="2026-07-19T16:01:53 IST" duration-ms="82647">
    <groups>
    </groups>
    <test started-at="2026-07-19T16:00:30 IST" name="Default test" finished-at="2026-07-19T16:01:53 IST" duration-ms="82647">
      <class name="DAtaDriven.DataDriventest">
        <test-method is-config="true" signature="setup()[pri:0, instance:DAtaDriven.DataDriventest@7e6f74c]" started-at="2026-07-19T16:00:30 IST" name="setup" finished-at="2026-07-19T16:00:34 IST" duration-ms="4087" status="PASS">
          <reporter-output>
          </reporter-output>
        </test-method> <!-- setup -->
        <test-method signature="DDTTestingBlog()[pri:0, instance:DAtaDriven.DataDriventest@7e6f74c]" started-at="2026-07-19T16:00:34 IST" name="DDTTestingBlog" finished-at="2026-07-19T16:01:53 IST" duration-ms="78109" status="PASS">
          <reporter-output>
          </reporter-output>
        </test-method> <!-- DDTTestingBlog -->
        <test-method is-config="true" signature="tearDown()[pri:0, instance:DAtaDriven.DataDriventest@7e6f74c]" started-at="2026-07-19T16:01:53 IST" name="tearDown" finished-at="2026-07-19T16:01:53 IST" duration-ms="382" status="PASS">
          <reporter-output>
          </reporter-output>
        </test-method> <!-- tearDown -->
      </class> <!-- DAtaDriven.DataDriventest -->
    </test> <!-- Default test -->
  </suite> <!-- Default suite -->
</testng-results>
