<?xml version="1.0" encoding="UTF-8"?>
<!-- Generated by org.testng.reporters.JUnitXMLReporter -->
<testsuite ignored="0" hostname="LAPTOP-GJ537S6H" failures="0" tests="3" name="Surefire test" time="34.935" errors="0" timestamp="2026-07-21T10:42:12 IST">
  <testcase classname="com.jenkinsCICDDemoTest.jenkinsCICDTest" name="chromeBrowserCommands" time="10.28"/>
  <testcase classname="com.jenkinsCICDDemoTest.jenkinsCICDTest" name="firefoxBrowserCommands" time="15.418"/>
  <testcase classname="com.jenkinsCICDDemoTest.jenkinsCICDTest" name="edgeBrowserCommands" time="9.112"/>
</testsuite> <!-- Surefire test -->
