<?xml version="1.0" encoding="UTF-8"?>
<testng-results ignored="0" total="3" passed="3" failed="0" skipped="0">
  <reporter-output>
  </reporter-output>
  <suite started-at="2026-07-16T00:14:36 IST" name="Default suite" finished-at="2026-07-16T00:15:01 IST" duration-ms="24946">
    <groups>
    </groups>
    <test started-at="2026-07-16T00:14:36 IST" name="Default test" finished-at="2026-07-16T00:15:01 IST" duration-ms="24946">
      <class name="com.Task60.CaseStudy3">
        <test-method signature="chromeBrowserCommands()[pri:0, instance:com.Task60.CaseStudy3@498d318c]" started-at="2026-07-16T00:14:36 IST" name="chromeBrowserCommands" finished-at="2026-07-16T00:14:44 IST" duration-ms="7440" status="PASS">
          <reporter-output>
          </reporter-output>
        </test-method> <!-- chromeBrowserCommands -->
        <test-method signature="edgeBrowserCommands()[pri:0, instance:com.Task60.CaseStudy3@498d318c]" started-at="2026-07-16T00:14:44 IST" name="edgeBrowserCommands" finished-at="2026-07-16T00:14:52 IST" duration-ms="7611" status="PASS">
          <reporter-output>
          </reporter-output>
        </test-method> <!-- edgeBrowserCommands -->
        <test-method signature="firefoxBrowserCommands()[pri:0, instance:com.Task60.CaseStudy3@498d318c]" started-at="2026-07-16T00:14:52 IST" name="firefoxBrowserCommands" finished-at="2026-07-16T00:15:01 IST" duration-ms="9865" status="PASS">
          <reporter-output>
          </reporter-output>
        </test-method> <!-- firefoxBrowserCommands -->
      </class> <!-- com.Task60.CaseStudy3 -->
    </test> <!-- Default test -->
  </suite> <!-- Default suite -->
</testng-results>
